2025-09-14T05:34:10.402Z [ERROR] Uncaught Exception | Stack: Error: listen EADDRINUSE: address already in use :::5000
    at Server.setupListenHandle [as _listen2] (node:net:1940:16)
    at listenInCluster (node:net:1997:12)
    at Server.listen (node:net:2102:7)
    at Function.listen (/home/theaavashh/workplace/new/analytics/distributor-api/node_modules/express/lib/application.js:635:24)
    at startServer (/home/theaavashh/workplace/new/analytics/distributor-api/src/index.ts:157:24)
2025-09-14T05:56:27.301Z [INFO] 🚀 सर्भर पोर्ट 5000 मा सुरु भयो
2025-09-14T05:56:27.317Z [INFO] 🌍 Environment: development
2025-09-14T05:56:27.318Z [INFO] 📊 API Documentation: http://localhost:5000/api
2025-09-14T05:56:27.318Z [INFO] 🏥 Health Check: http://localhost:5000/health
2025-09-14T05:56:27.318Z [INFO] 🔧 Development mode - detailed logging enabled
2025-09-14T05:58:01.298Z [INFO] POST /api/auth/login - 200 - 624.148ms | Data: {"method":"POST","url":"/api/auth/login","statusCode":200,"responseTime":624.148}
2025-09-14T05:59:14.766Z [INFO] GET /api/accounting/trial-balance?asOfDate=2025-09-14 - 200 - 108.449ms | Data: {"method":"GET","url":"/api/accounting/trial-balance?asOfDate=2025-09-14","statusCode":200,"responseTime":108.449}
2025-09-14T05:59:14.783Z [INFO] GET /api/accounting/trial-balance?asOfDate=2025-09-14 - 304 - 8.425ms | Data: {"method":"GET","url":"/api/accounting/trial-balance?asOfDate=2025-09-14","statusCode":304,"responseTime":8.425}
2025-09-14T05:59:14.799Z [INFO] GET /api/accounting/mis-reports/kpis?asOfDate=2025-09-14 - 200 - 163.349ms | Data: {"method":"GET","url":"/api/accounting/mis-reports/kpis?asOfDate=2025-09-14","statusCode":200,"responseTime":163.349}
2025-09-14T05:59:14.807Z [INFO] GET /api/accounting/debtors-creditors/aging?asOfDate=2025-09-14 - 200 - 138.641ms | Data: {"method":"GET","url":"/api/accounting/debtors-creditors/aging?asOfDate=2025-09-14","statusCode":200,"responseTime":138.641}
2025-09-14T05:59:14.815Z [INFO] GET /api/accounting/mis-reports/kpis?asOfDate=2025-09-14 - 304 - 11.613ms | Data: {"method":"GET","url":"/api/accounting/mis-reports/kpis?asOfDate=2025-09-14","statusCode":304,"responseTime":11.613}
2025-09-14T05:59:14.830Z [INFO] GET /api/accounting/debtors-creditors/aging?asOfDate=2025-09-14 - 304 - 10.241ms | Data: {"method":"GET","url":"/api/accounting/debtors-creditors/aging?asOfDate=2025-09-14","statusCode":304,"responseTime":10.241}
2025-09-14T05:59:14.833Z [INFO] GET /api/accounting/mis-reports/kpis?asOfDate=2025-09-14 - 304 - 8.524ms | Data: {"method":"GET","url":"/api/accounting/mis-reports/kpis?asOfDate=2025-09-14","statusCode":304,"responseTime":8.524}
2025-09-14T05:59:17.196Z [INFO] GET /api/accounting/accounts - 304 - 283.068ms | Data: {"method":"GET","url":"/api/accounting/accounts","statusCode":304,"responseTime":283.068}
2025-09-14T05:59:17.218Z [INFO] GET /api/accounting/accounts - 304 - 16.219ms | Data: {"method":"GET","url":"/api/accounting/accounts","statusCode":304,"responseTime":16.219}
2025-09-14T05:59:17.625Z [INFO] GET /api/accounting/journal-entries - 304 - 722.875ms | Data: {"method":"GET","url":"/api/accounting/journal-entries","statusCode":304,"responseTime":722.875}
2025-09-14T05:59:17.655Z [INFO] GET /api/accounting/journal-entries - 304 - 22.769ms | Data: {"method":"GET","url":"/api/accounting/journal-entries","statusCode":304,"responseTime":22.769}
2025-09-14T05:59:19.790Z [INFO] GET /api/categories - 200 - 269.216ms | Data: {"method":"GET","url":"/api/categories","statusCode":200,"responseTime":269.216}
2025-09-14T05:59:19.804Z [INFO] GET /api/categories - 304 - 7.032ms | Data: {"method":"GET","url":"/api/categories","statusCode":304,"responseTime":7.032}
2025-09-14T06:30:17.050Z [INFO] 🚀 सर्भर पोर्ट 5000 मा सुरु भयो
2025-09-14T06:30:17.052Z [INFO] 🌍 Environment: development
2025-09-14T06:30:17.052Z [INFO] 📊 API Documentation: http://localhost:5000/api
2025-09-14T06:30:17.052Z [INFO] 🏥 Health Check: http://localhost:5000/health
2025-09-14T06:30:17.052Z [INFO] 🔧 Development mode - detailed logging enabled
2025-09-14T06:30:17.053Z [ERROR] Uncaught Exception | Stack: Error: EIO: i/o error, write
    at writeSync (node:fs:923:3)
    at SyncWriteStream._write (node:internal/fs/sync_write_stream:27:5)
    at writeOrBuffer (node:internal/streams/writable:572:12)
    at _write (node:internal/streams/writable:501:10)
    at SyncWriteStream.Writable.write (node:internal/streams/writable:510:10)
    at console.value (node:internal/console/constructor:298:16)
    at console.log (node:internal/console/constructor:384:26)
    at connectDatabase (/home/theaavashh/workplace/new/analytics/distributor-api/src/utils/database.ts:27:13)
    at async startServer (/home/theaavashh/workplace/new/analytics/distributor-api/src/index.ts:147:7)
