2025-09-08T05:41:31.153Z [INFO] 🚀 सर्भर पोर्ट 5000 मा सुरु भयो
2025-09-08T05:41:31.154Z [INFO] 🌍 Environment: development
2025-09-08T05:41:31.155Z [INFO] 📊 API Documentation: http://localhost:5000/api
2025-09-08T05:41:31.155Z [INFO] 🏥 Health Check: http://localhost:5000/health
2025-09-08T05:41:31.155Z [INFO] 🔧 Development mode - detailed logging enabled
2025-09-08T05:42:25.971Z [INFO] POST /api/auth/login - 200 - 1118.057ms | Data: {"method":"POST","url":"/api/auth/login","statusCode":200,"responseTime":1118.057}
2025-09-08T05:42:34.665Z [INFO] GET /api/accounting/mis-reports/kpis?asOfDate=2025-09-08 - 200 - 115.321ms | Data: {"method":"GET","url":"/api/accounting/mis-reports/kpis?asOfDate=2025-09-08","statusCode":200,"responseTime":115.321}
2025-09-08T05:42:34.684Z [INFO] GET /api/accounting/mis-reports/kpis?asOfDate=2025-09-08 - 304 - 6.691ms | Data: {"method":"GET","url":"/api/accounting/mis-reports/kpis?asOfDate=2025-09-08","statusCode":304,"responseTime":6.691}
2025-09-08T05:42:34.691Z [INFO] GET /api/accounting/debtors-creditors/aging?asOfDate=2025-09-08 - 200 - 127.26ms | Data: {"method":"GET","url":"/api/accounting/debtors-creditors/aging?asOfDate=2025-09-08","statusCode":200,"responseTime":127.26}
2025-09-08T05:42:34.698Z [INFO] GET /api/accounting/trial-balance?asOfDate=2025-09-08 - 200 - 130.735ms | Data: {"method":"GET","url":"/api/accounting/trial-balance?asOfDate=2025-09-08","statusCode":200,"responseTime":130.735}
2025-09-08T05:42:34.715Z [INFO] GET /api/accounting/debtors-creditors/aging?asOfDate=2025-09-08 - 304 - 10.369ms | Data: {"method":"GET","url":"/api/accounting/debtors-creditors/aging?asOfDate=2025-09-08","statusCode":304,"responseTime":10.369}
2025-09-08T05:42:34.717Z [INFO] GET /api/accounting/trial-balance?asOfDate=2025-09-08 - 304 - 9.067ms | Data: {"method":"GET","url":"/api/accounting/trial-balance?asOfDate=2025-09-08","statusCode":304,"responseTime":9.067}
2025-09-08T05:44:34.823Z [INFO] GET /api/accounting/mis-reports/kpis?asOfDate=2025-09-08 - 304 - 17.556ms | Data: {"method":"GET","url":"/api/accounting/mis-reports/kpis?asOfDate=2025-09-08","statusCode":304,"responseTime":17.556}
2025-09-08T05:45:02.002Z [ERROR] GET /api/content/homepage - 404 - 1.017ms | Data: {"method":"GET","url":"/api/content/homepage","statusCode":404,"responseTime":1.017}
2025-09-08T05:45:07.755Z [ERROR] GET /api/content/homepage - 404 - 0.455ms | Data: {"method":"GET","url":"/api/content/homepage","statusCode":404,"responseTime":0.455}
2025-09-08T05:45:13.382Z [ERROR] GET /api/content/homepage - 404 - 0.38ms | Data: {"method":"GET","url":"/api/content/homepage","statusCode":404,"responseTime":0.38}
2025-09-08T05:46:34.963Z [INFO] GET /api/accounting/mis-reports/kpis?asOfDate=2025-09-08 - 304 - 6.726ms | Data: {"method":"GET","url":"/api/accounting/mis-reports/kpis?asOfDate=2025-09-08","statusCode":304,"responseTime":6.726}
2025-09-08T05:46:47.869Z [INFO] GET /api/accounting/accounts - 200 - 157.543ms | Data: {"method":"GET","url":"/api/accounting/accounts","statusCode":200,"responseTime":157.543}
2025-09-08T05:46:47.901Z [INFO] GET /api/accounting/accounts - 200 - 173.172ms | Data: {"method":"GET","url":"/api/accounting/accounts","statusCode":200,"responseTime":173.172}
2025-09-08T05:46:47.916Z [INFO] GET /api/accounting/journal-entries - 200 - 224.299ms | Data: {"method":"GET","url":"/api/accounting/journal-entries","statusCode":200,"responseTime":224.299}
2025-09-08T05:46:47.917Z [INFO] GET /api/accounting/journal-entries - 200 - 197.017ms | Data: {"method":"GET","url":"/api/accounting/journal-entries","statusCode":200,"responseTime":197.017}
2025-09-08T05:52:32.680Z [ERROR] GET /api/content/homepage - 404 - 0.329ms | Data: {"method":"GET","url":"/api/content/homepage","statusCode":404,"responseTime":0.329}
2025-09-08T05:52:38.523Z [ERROR] GET /api/content/homepage - 404 - 0.562ms | Data: {"method":"GET","url":"/api/content/homepage","statusCode":404,"responseTime":0.562}
2025-09-08T05:52:45.317Z [ERROR] GET /api/content/homepage - 404 - 0.305ms | Data: {"method":"GET","url":"/api/content/homepage","statusCode":404,"responseTime":0.305}
2025-09-08T05:56:19.218Z [ERROR] GET /api/content/homepage - 404 - 0.236ms | Data: {"method":"GET","url":"/api/content/homepage","statusCode":404,"responseTime":0.236}
2025-09-08T05:56:24.761Z [ERROR] GET /api/content/homepage - 404 - 0.24ms | Data: {"method":"GET","url":"/api/content/homepage","statusCode":404,"responseTime":0.24}
2025-09-08T06:00:07.670Z [ERROR] GET /api/content/homepage - 404 - 2.227ms | Data: {"method":"GET","url":"/api/content/homepage","statusCode":404,"responseTime":2.227}
2025-09-08T06:00:07.872Z [ERROR] GET /api/content/homepage - 404 - 0.272ms | Data: {"method":"GET","url":"/api/content/homepage","statusCode":404,"responseTime":0.272}
2025-09-08T06:01:06.359Z [ERROR] GET /api/content/homepage - 404 - 0.381ms | Data: {"method":"GET","url":"/api/content/homepage","statusCode":404,"responseTime":0.381}
2025-09-08T06:01:14.732Z [ERROR] GET /api/content/homepage - 404 - 0.244ms | Data: {"method":"GET","url":"/api/content/homepage","statusCode":404,"responseTime":0.244}
2025-09-08T06:01:22.513Z [ERROR] GET /api/content/homepage - 404 - 0.287ms | Data: {"method":"GET","url":"/api/content/homepage","statusCode":404,"responseTime":0.287}
2025-09-08T06:02:39.362Z [ERROR] GET /api/content/homepage - 404 - 0.511ms | Data: {"method":"GET","url":"/api/content/homepage","statusCode":404,"responseTime":0.511}
2025-09-08T06:02:45.562Z [ERROR] GET /api/content/homepage - 404 - 0.29ms | Data: {"method":"GET","url":"/api/content/homepage","statusCode":404,"responseTime":0.29}
2025-09-08T06:04:42.277Z [ERROR] GET /api/content/homepage - 404 - 0.271ms | Data: {"method":"GET","url":"/api/content/homepage","statusCode":404,"responseTime":0.271}
2025-09-08T06:04:49.279Z [ERROR] GET /api/content/homepage - 404 - 0.273ms | Data: {"method":"GET","url":"/api/content/homepage","statusCode":404,"responseTime":0.273}
2025-09-08T06:05:10.081Z [ERROR] GET /api/content/homepage - 404 - 0.296ms | Data: {"method":"GET","url":"/api/content/homepage","statusCode":404,"responseTime":0.296}
2025-09-08T06:05:16.431Z [ERROR] GET /api/content/homepage - 404 - 0.227ms | Data: {"method":"GET","url":"/api/content/homepage","statusCode":404,"responseTime":0.227}
2025-09-08T06:06:51.216Z [ERROR] GET /api/content/homepage - 404 - 0.315ms | Data: {"method":"GET","url":"/api/content/homepage","statusCode":404,"responseTime":0.315}
2025-09-08T06:10:15.439Z [ERROR] GET /api/content/homepage - 404 - 0.819ms | Data: {"method":"GET","url":"/api/content/homepage","statusCode":404,"responseTime":0.819}
2025-09-08T06:11:24.895Z [ERROR] GET /api/content/homepage - 404 - 0.32ms | Data: {"method":"GET","url":"/api/content/homepage","statusCode":404,"responseTime":0.32}
2025-09-08T06:27:00.912Z [ERROR] GET /api/content/homepage - 404 - 0.983ms | Data: {"method":"GET","url":"/api/content/homepage","statusCode":404,"responseTime":0.983}
2025-09-08T07:04:00.524Z [INFO] POST /api/applications/submit - 201 - 2647.471ms | Data: {"method":"POST","url":"/api/applications/submit","statusCode":201,"responseTime":2647.471}
2025-09-08T07:04:46.388Z [INFO] POST /api/auth/login - 200 - 400.427ms | Data: {"method":"POST","url":"/api/auth/login","statusCode":200,"responseTime":400.427}
2025-09-08T07:04:59.938Z [INFO] GET /api/accounting/journal-entries - 304 - 315.938ms | Data: {"method":"GET","url":"/api/accounting/journal-entries","statusCode":304,"responseTime":315.938}
2025-09-08T07:04:59.952Z [INFO] GET /api/accounting/accounts - 304 - 303.258ms | Data: {"method":"GET","url":"/api/accounting/accounts","statusCode":304,"responseTime":303.258}
2025-09-08T07:04:59.970Z [INFO] GET /api/accounting/journal-entries - 304 - 26.729ms | Data: {"method":"GET","url":"/api/accounting/journal-entries","statusCode":304,"responseTime":26.729}
2025-09-08T07:04:59.985Z [INFO] GET /api/accounting/accounts - 304 - 10.271ms | Data: {"method":"GET","url":"/api/accounting/accounts","statusCode":304,"responseTime":10.271}
2025-09-08T07:05:10.269Z [INFO] GET /api/applications/dev?page=1&limit=10&sortBy=createdAt&sortOrder=desc - 200 - 125.365ms | Data: {"method":"GET","url":"/api/applications/dev?page=1&limit=10&sortBy=createdAt&sortOrder=desc","statusCode":200,"responseTime":125.365}
2025-09-08T07:05:10.322Z [INFO] GET /api/applications/dev?page=1&limit=10&sortBy=createdAt&sortOrder=desc - 304 - 41.826ms | Data: {"method":"GET","url":"/api/applications/dev?page=1&limit=10&sortBy=createdAt&sortOrder=desc","statusCode":304,"responseTime":41.826}
2025-09-08T07:05:10.409Z [INFO] GET /api/applications/dev?page=1&limit=10&sortBy=createdAt&sortOrder=desc - 304 - 120.543ms | Data: {"method":"GET","url":"/api/applications/dev?page=1&limit=10&sortBy=createdAt&sortOrder=desc","statusCode":304,"responseTime":120.543}
2025-09-08T07:05:16.869Z [INFO] PUT /api/applications/dev/cmfas03b300006voatrddhesu/status - 200 - 370.231ms | Data: {"method":"PUT","url":"/api/applications/dev/cmfas03b300006voatrddhesu/status","statusCode":200,"responseTime":370.231}
2025-09-08T07:05:16.890Z [INFO] GET /api/applications/dev?page=1&limit=10&sortBy=createdAt&sortOrder=desc - 200 - 12.75ms | Data: {"method":"GET","url":"/api/applications/dev?page=1&limit=10&sortBy=createdAt&sortOrder=desc","statusCode":200,"responseTime":12.75}
2025-09-08T07:05:18.993Z [INFO] GET /api/applications/dev?status=APPROVED - 200 - 40.574ms | Data: {"method":"GET","url":"/api/applications/dev?status=APPROVED","statusCode":200,"responseTime":40.574}
2025-09-08T07:05:19.007Z [INFO] GET /api/applications/dev?status=APPROVED - 200 - 32.761ms | Data: {"method":"GET","url":"/api/applications/dev?status=APPROVED","statusCode":200,"responseTime":32.761}
2025-09-08T07:05:19.304Z [INFO] GET /api/distributors/find-by-application/cmfas03b300006voatrddhesu - 200 - 213.668ms | Data: {"method":"GET","url":"/api/distributors/find-by-application/cmfas03b300006voatrddhesu","statusCode":200,"responseTime":213.668}
2025-09-08T07:05:19.339Z [INFO] GET /api/categories?isActive=true - 200 - 382.452ms | Data: {"method":"GET","url":"/api/categories?isActive=true","statusCode":200,"responseTime":382.452}
2025-09-08T07:05:19.359Z [INFO] GET /api/categories?isActive=true - 200 - 431.217ms | Data: {"method":"GET","url":"/api/categories?isActive=true","statusCode":200,"responseTime":431.217}
2025-09-08T07:05:19.363Z [INFO] GET /api/distributors/find-by-application/cmfas03b300006voatrddhesu - 200 - 347.39ms | Data: {"method":"GET","url":"/api/distributors/find-by-application/cmfas03b300006voatrddhesu","statusCode":200,"responseTime":347.39}
2025-09-08T07:05:19.367Z [INFO] GET /api/distributors/cmfas1q9a00026voatdlvjwwi/credentials - 200 - 36.692ms | Data: {"method":"GET","url":"/api/distributors/cmfas1q9a00026voatdlvjwwi/credentials","statusCode":200,"responseTime":36.692}
2025-09-08T07:05:19.380Z [INFO] GET /api/distributors/cmfas1q9a00026voatdlvjwwi/credentials - 304 - 5.233ms | Data: {"method":"GET","url":"/api/distributors/cmfas1q9a00026voatdlvjwwi/credentials","statusCode":304,"responseTime":5.233}
2025-09-08T07:05:35.844Z [INFO] GET /api/categories - 200 - 12.775ms | Data: {"method":"GET","url":"/api/categories","statusCode":200,"responseTime":12.775}
2025-09-08T07:05:35.873Z [INFO] GET /api/categories - 304 - 12.05ms | Data: {"method":"GET","url":"/api/categories","statusCode":304,"responseTime":12.05}
2025-09-08T07:06:18.196Z [INFO] POST /api/categories - 201 - 67.245ms | Data: {"method":"POST","url":"/api/categories","statusCode":201,"responseTime":67.245}
2025-09-08T07:06:18.241Z [INFO] GET /api/categories - 200 - 17.253ms | Data: {"method":"GET","url":"/api/categories","statusCode":200,"responseTime":17.253}
2025-09-08T07:06:25.526Z [INFO] GET /api/applications/dev?page=1&limit=10&sortBy=createdAt&sortOrder=desc - 304 - 19.682ms | Data: {"method":"GET","url":"/api/applications/dev?page=1&limit=10&sortBy=createdAt&sortOrder=desc","statusCode":304,"responseTime":19.682}
2025-09-08T07:06:25.569Z [INFO] GET /api/applications/dev?page=1&limit=10&sortBy=createdAt&sortOrder=desc - 304 - 33.423ms | Data: {"method":"GET","url":"/api/applications/dev?page=1&limit=10&sortBy=createdAt&sortOrder=desc","statusCode":304,"responseTime":33.423}
2025-09-08T07:06:25.603Z [INFO] GET /api/applications/dev?page=1&limit=10&sortBy=createdAt&sortOrder=desc - 304 - 24.873ms | Data: {"method":"GET","url":"/api/applications/dev?page=1&limit=10&sortBy=createdAt&sortOrder=desc","statusCode":304,"responseTime":24.873}
2025-09-08T07:06:27.363Z [INFO] GET /api/applications/dev?status=APPROVED - 304 - 22.285ms | Data: {"method":"GET","url":"/api/applications/dev?status=APPROVED","statusCode":304,"responseTime":22.285}
2025-09-08T07:06:27.394Z [INFO] GET /api/categories?isActive=true - 200 - 16.8ms | Data: {"method":"GET","url":"/api/categories?isActive=true","statusCode":200,"responseTime":16.8}
2025-09-08T07:06:27.438Z [INFO] GET /api/categories?isActive=true - 200 - 27.492ms | Data: {"method":"GET","url":"/api/categories?isActive=true","statusCode":200,"responseTime":27.492}
2025-09-08T07:06:27.455Z [INFO] GET /api/applications/dev?status=APPROVED - 304 - 62.195ms | Data: {"method":"GET","url":"/api/applications/dev?status=APPROVED","statusCode":304,"responseTime":62.195}
2025-09-08T07:06:27.463Z [INFO] GET /api/distributors/find-by-application/cmfas03b300006voatrddhesu - 304 - 59.5ms | Data: {"method":"GET","url":"/api/distributors/find-by-application/cmfas03b300006voatrddhesu","statusCode":304,"responseTime":59.5}
2025-09-08T07:06:27.511Z [INFO] GET /api/distributors/find-by-application/cmfas03b300006voatrddhesu - 304 - 15.197ms | Data: {"method":"GET","url":"/api/distributors/find-by-application/cmfas03b300006voatrddhesu","statusCode":304,"responseTime":15.197}
2025-09-08T07:06:27.516Z [INFO] GET /api/distributors/cmfas1q9a00026voatdlvjwwi/credentials - 304 - 15.305ms | Data: {"method":"GET","url":"/api/distributors/cmfas1q9a00026voatdlvjwwi/credentials","statusCode":304,"responseTime":15.305}
2025-09-08T07:06:27.550Z [INFO] GET /api/distributors/cmfas1q9a00026voatdlvjwwi/credentials - 304 - 10.179ms | Data: {"method":"GET","url":"/api/distributors/cmfas1q9a00026voatdlvjwwi/credentials","statusCode":304,"responseTime":10.179}
2025-09-08T07:06:37.112Z [INFO] GET /api/categories - 304 - 6.45ms | Data: {"method":"GET","url":"/api/categories","statusCode":304,"responseTime":6.45}
2025-09-08T07:06:37.135Z [INFO] GET /api/categories - 304 - 10.036ms | Data: {"method":"GET","url":"/api/categories","statusCode":304,"responseTime":10.036}
2025-09-08T07:06:46.443Z [INFO] GET /api/categories?isActive=true - 304 - 11.469ms | Data: {"method":"GET","url":"/api/categories?isActive=true","statusCode":304,"responseTime":11.469}
2025-09-08T07:06:46.486Z [INFO] GET /api/applications/dev?status=APPROVED - 304 - 59.046ms | Data: {"method":"GET","url":"/api/applications/dev?status=APPROVED","statusCode":304,"responseTime":59.046}
2025-09-08T07:06:46.501Z [INFO] GET /api/categories?isActive=true - 304 - 42.991ms | Data: {"method":"GET","url":"/api/categories?isActive=true","statusCode":304,"responseTime":42.991}
2025-09-08T07:06:46.547Z [INFO] GET /api/applications/dev?status=APPROVED - 200 - 35.353ms | Data: {"method":"GET","url":"/api/applications/dev?status=APPROVED","statusCode":200,"responseTime":35.353}
2025-09-08T07:06:46.566Z [INFO] GET /api/distributors/find-by-application/cmfas03b300006voatrddhesu - 304 - 27.204ms | Data: {"method":"GET","url":"/api/distributors/find-by-application/cmfas03b300006voatrddhesu","statusCode":304,"responseTime":27.204}
2025-09-08T07:06:46.597Z [INFO] GET /api/distributors/cmfas1q9a00026voatdlvjwwi/credentials - 304 - 9.176ms | Data: {"method":"GET","url":"/api/distributors/cmfas1q9a00026voatdlvjwwi/credentials","statusCode":304,"responseTime":9.176}
2025-09-08T07:06:46.600Z [INFO] GET /api/distributors/find-by-application/cmfas03b300006voatrddhesu - 304 - 21.303ms | Data: {"method":"GET","url":"/api/distributors/find-by-application/cmfas03b300006voatrddhesu","statusCode":304,"responseTime":21.303}
2025-09-08T07:06:46.633Z [INFO] GET /api/distributors/cmfas1q9a00026voatdlvjwwi/credentials - 304 - 2.475ms | Data: {"method":"GET","url":"/api/distributors/cmfas1q9a00026voatdlvjwwi/credentials","statusCode":304,"responseTime":2.475}
2025-09-08T07:08:24.481Z [INFO] GET /api/production/analytics/reports?reportType=monthly&fromDate=2025-09-08&toDate=2025-09-08 - 200 - 255.248ms | Data: {"method":"GET","url":"/api/production/analytics/reports?reportType=monthly&fromDate=2025-09-08&toDate=2025-09-08","statusCode":200,"responseTime":255.248}
2025-09-08T07:08:24.485Z [INFO] GET /api/production/analytics/kpis?period=monthly - 200 - 210.674ms | Data: {"method":"GET","url":"/api/production/analytics/kpis?period=monthly","statusCode":200,"responseTime":210.674}
2025-09-08T07:08:24.514Z [INFO] GET /api/production/analytics/reports?reportType=monthly&fromDate=2025-09-08&toDate=2025-09-08 - 304 - 25.765ms | Data: {"method":"GET","url":"/api/production/analytics/reports?reportType=monthly&fromDate=2025-09-08&toDate=2025-09-08","statusCode":304,"responseTime":25.765}
2025-09-08T07:08:24.515Z [INFO] GET /api/production/analytics/kpis?period=monthly - 200 - 21.168ms | Data: {"method":"GET","url":"/api/production/analytics/kpis?period=monthly","statusCode":200,"responseTime":21.168}
2025-09-08T07:08:41.233Z [INFO] GET /api/production/raw-materials/transactions - 304 - 19.296ms | Data: {"method":"GET","url":"/api/production/raw-materials/transactions","statusCode":304,"responseTime":19.296}
2025-09-08T07:08:41.241Z [INFO] GET /api/production/raw-materials/categories - 304 - 16.988ms | Data: {"method":"GET","url":"/api/production/raw-materials/categories","statusCode":304,"responseTime":16.988}
2025-09-08T07:08:41.251Z [INFO] GET /api/production/raw-materials - 200 - 33.665ms | Data: {"method":"GET","url":"/api/production/raw-materials","statusCode":200,"responseTime":33.665}
2025-09-08T07:08:41.252Z [INFO] GET /api/production/raw-materials/transactions - 304 - 16.281ms | Data: {"method":"GET","url":"/api/production/raw-materials/transactions","statusCode":304,"responseTime":16.281}
2025-09-08T07:08:41.263Z [INFO] GET /api/production/raw-materials/categories - 304 - 8.482ms | Data: {"method":"GET","url":"/api/production/raw-materials/categories","statusCode":304,"responseTime":8.482}
2025-09-08T07:08:41.269Z [INFO] GET /api/production/raw-materials - 304 - 11.522ms | Data: {"method":"GET","url":"/api/production/raw-materials","statusCode":304,"responseTime":11.522}
2025-09-08T07:09:08.217Z [INFO] GET /api/production/orders - 200 - 33.187ms | Data: {"method":"GET","url":"/api/production/orders","statusCode":200,"responseTime":33.187}
2025-09-08T07:09:08.235Z [INFO] GET /api/production/work-centers - 200 - 41.091ms | Data: {"method":"GET","url":"/api/production/work-centers","statusCode":200,"responseTime":41.091}
2025-09-08T07:09:08.258Z [INFO] GET /api/production/schedules - 200 - 31.771ms | Data: {"method":"GET","url":"/api/production/schedules","statusCode":200,"responseTime":31.771}
2025-09-08T07:09:08.288Z [INFO] GET /api/production/orders - 200 - 37.52ms | Data: {"method":"GET","url":"/api/production/orders","statusCode":200,"responseTime":37.52}
2025-09-08T07:09:08.312Z [INFO] GET /api/production/work-centers - 200 - 43.112ms | Data: {"method":"GET","url":"/api/production/work-centers","statusCode":200,"responseTime":43.112}
2025-09-08T07:09:08.323Z [INFO] GET /api/production/schedules - 304 - 40.703ms | Data: {"method":"GET","url":"/api/production/schedules","statusCode":304,"responseTime":40.703}
2025-09-08T07:11:41.241Z [INFO] GET /api/auth/users - 200 - 206.556ms | Data: {"method":"GET","url":"/api/auth/users","statusCode":200,"responseTime":206.556}
2025-09-08T07:11:41.273Z [INFO] GET /api/auth/users - 304 - 22.719ms | Data: {"method":"GET","url":"/api/auth/users","statusCode":304,"responseTime":22.719}
2025-09-08T07:14:29.109Z [ERROR] GET /api/content/homepage - 404 - 0.361ms | Data: {"method":"GET","url":"/api/content/homepage","statusCode":404,"responseTime":0.361}
2025-09-08T07:14:36.831Z [ERROR] GET /api/content/homepage - 404 - 0.343ms | Data: {"method":"GET","url":"/api/content/homepage","statusCode":404,"responseTime":0.343}
2025-09-08T07:14:47.539Z [ERROR] GET /api/content/homepage - 404 - 0.378ms | Data: {"method":"GET","url":"/api/content/homepage","statusCode":404,"responseTime":0.378}
2025-09-08T07:15:54.857Z [ERROR] GET /api/content/homepage - 404 - 0.413ms | Data: {"method":"GET","url":"/api/content/homepage","statusCode":404,"responseTime":0.413}
2025-09-08T07:16:02.675Z [ERROR] GET /api/content/homepage - 404 - 0.328ms | Data: {"method":"GET","url":"/api/content/homepage","statusCode":404,"responseTime":0.328}
2025-09-08T07:16:30.108Z [INFO] GET /api/accounting/journal-entries - 304 - 97.28ms | Data: {"method":"GET","url":"/api/accounting/journal-entries","statusCode":304,"responseTime":97.28}
2025-09-08T07:16:30.121Z [INFO] GET /api/accounting/accounts - 304 - 106.388ms | Data: {"method":"GET","url":"/api/accounting/accounts","statusCode":304,"responseTime":106.388}
2025-09-08T07:16:30.136Z [INFO] GET /api/accounting/journal-entries - 304 - 22.436ms | Data: {"method":"GET","url":"/api/accounting/journal-entries","statusCode":304,"responseTime":22.436}
2025-09-08T07:16:30.165Z [INFO] GET /api/accounting/accounts - 304 - 17.533ms | Data: {"method":"GET","url":"/api/accounting/accounts","statusCode":304,"responseTime":17.533}
2025-09-08T07:17:43.727Z [INFO] GET /api/production/analytics/kpis?period=monthly - 200 - 244.373ms | Data: {"method":"GET","url":"/api/production/analytics/kpis?period=monthly","statusCode":200,"responseTime":244.373}
2025-09-08T07:17:43.745Z [INFO] GET /api/production/analytics/kpis?period=monthly - 200 - 9.249ms | Data: {"method":"GET","url":"/api/production/analytics/kpis?period=monthly","statusCode":200,"responseTime":9.249}
2025-09-08T07:17:43.747Z [INFO] GET /api/production/analytics/reports?reportType=monthly&fromDate=2025-09-08&toDate=2025-09-08 - 304 - 257.704ms | Data: {"method":"GET","url":"/api/production/analytics/reports?reportType=monthly&fromDate=2025-09-08&toDate=2025-09-08","statusCode":304,"responseTime":257.704}
2025-09-08T07:17:43.758Z [INFO] GET /api/production/analytics/reports?reportType=monthly&fromDate=2025-09-08&toDate=2025-09-08 - 304 - 8.032ms | Data: {"method":"GET","url":"/api/production/analytics/reports?reportType=monthly&fromDate=2025-09-08&toDate=2025-09-08","statusCode":304,"responseTime":8.032}
2025-09-08T07:21:30.106Z [INFO] GET /api/applications/dev?page=1&limit=10&sortBy=createdAt&sortOrder=desc - 304 - 158.462ms | Data: {"method":"GET","url":"/api/applications/dev?page=1&limit=10&sortBy=createdAt&sortOrder=desc","statusCode":304,"responseTime":158.462}
2025-09-08T07:21:30.143Z [INFO] GET /api/applications/dev?page=1&limit=10&sortBy=createdAt&sortOrder=desc - 304 - 30.277ms | Data: {"method":"GET","url":"/api/applications/dev?page=1&limit=10&sortBy=createdAt&sortOrder=desc","statusCode":304,"responseTime":30.277}
2025-09-08T07:21:30.177Z [INFO] GET /api/applications/dev?page=1&limit=10&sortBy=createdAt&sortOrder=desc - 304 - 25.58ms | Data: {"method":"GET","url":"/api/applications/dev?page=1&limit=10&sortBy=createdAt&sortOrder=desc","statusCode":304,"responseTime":25.58}
2025-09-08T07:24:46.634Z [INFO] POST /api/applications/submit - 201 - 437.756ms | Data: {"method":"POST","url":"/api/applications/submit","statusCode":201,"responseTime":437.756}
2025-09-08T07:25:02.414Z [INFO] GET /api/applications/dev?page=1&limit=10&sortBy=createdAt&sortOrder=desc - 200 - 17.074ms | Data: {"method":"GET","url":"/api/applications/dev?page=1&limit=10&sortBy=createdAt&sortOrder=desc","statusCode":200,"responseTime":17.074}
2025-09-08T07:25:02.440Z [INFO] GET /api/applications/dev?page=1&limit=10&sortBy=createdAt&sortOrder=desc - 304 - 15.957ms | Data: {"method":"GET","url":"/api/applications/dev?page=1&limit=10&sortBy=createdAt&sortOrder=desc","statusCode":304,"responseTime":15.957}
2025-09-08T07:25:02.468Z [INFO] GET /api/applications/dev?page=1&limit=10&sortBy=createdAt&sortOrder=desc - 304 - 23.703ms | Data: {"method":"GET","url":"/api/applications/dev?page=1&limit=10&sortBy=createdAt&sortOrder=desc","statusCode":304,"responseTime":23.703}
2025-09-08T07:25:20.235Z [INFO] GET /uploads/documents/citizenshipId-4Vg92R0p-1757316286189-822571446.jpeg - 200 - 22.125ms | Data: {"method":"GET","url":"/uploads/documents/citizenshipId-4Vg92R0p-1757316286189-822571446.jpeg","statusCode":200,"responseTime":22.125}
2025-09-08T07:25:24.315Z [INFO] GET /uploads/documents/companyRegistration-0mvw_KMJ-1757316286190-388280944.jpeg - 200 - 5.165ms | Data: {"method":"GET","url":"/uploads/documents/companyRegistration-0mvw_KMJ-1757316286190-388280944.jpeg","statusCode":200,"responseTime":5.165}
2025-09-08T07:25:34.208Z [INFO] PUT /api/applications/dev/cmfasqsu200066voalb2naa7r/status - 200 - 84.039ms | Data: {"method":"PUT","url":"/api/applications/dev/cmfasqsu200066voalb2naa7r/status","statusCode":200,"responseTime":84.039}
2025-09-08T07:25:34.275Z [INFO] GET /api/applications/dev?page=1&limit=10&sortBy=createdAt&sortOrder=desc - 200 - 29.966ms | Data: {"method":"GET","url":"/api/applications/dev?page=1&limit=10&sortBy=createdAt&sortOrder=desc","statusCode":200,"responseTime":29.966}
2025-09-08T07:25:36.278Z [INFO] GET /api/applications/dev?status=APPROVED - 200 - 46.65ms | Data: {"method":"GET","url":"/api/applications/dev?status=APPROVED","statusCode":200,"responseTime":46.65}
2025-09-08T07:25:36.389Z [INFO] GET /api/applications/dev?status=APPROVED - 200 - 120.303ms | Data: {"method":"GET","url":"/api/applications/dev?status=APPROVED","statusCode":200,"responseTime":120.303}
2025-09-08T07:25:36.456Z [INFO] GET /api/categories?isActive=true - 304 - 219.027ms | Data: {"method":"GET","url":"/api/categories?isActive=true","statusCode":304,"responseTime":219.027}
2025-09-08T07:25:36.465Z [INFO] GET /api/categories?isActive=true - 200 - 172.09ms | Data: {"method":"GET","url":"/api/categories?isActive=true","statusCode":200,"responseTime":172.09}
2025-09-08T07:25:36.487Z [INFO] GET /api/distributors/find-by-application/cmfasqsu200066voalb2naa7r - 200 - 152.937ms | Data: {"method":"GET","url":"/api/distributors/find-by-application/cmfasqsu200066voalb2naa7r","statusCode":200,"responseTime":152.937}
2025-09-08T07:25:36.499Z [INFO] GET /api/distributors/find-by-application/cmfas03b300006voatrddhesu - 304 - 102.476ms | Data: {"method":"GET","url":"/api/distributors/find-by-application/cmfas03b300006voatrddhesu","statusCode":304,"responseTime":102.476}
2025-09-08T07:25:36.501Z [INFO] GET /api/distributors/cmfas1q9a00026voatdlvjwwi/credentials - 304 - 6.525ms | Data: {"method":"GET","url":"/api/distributors/cmfas1q9a00026voatdlvjwwi/credentials","statusCode":304,"responseTime":6.525}
2025-09-08T07:25:36.511Z [INFO] GET /api/distributors/find-by-application/cmfas03b300006voatrddhesu - 200 - 59.634ms | Data: {"method":"GET","url":"/api/distributors/find-by-application/cmfas03b300006voatrddhesu","statusCode":200,"responseTime":59.634}
2025-09-08T07:25:36.516Z [INFO] GET /api/distributors/find-by-application/cmfasqsu200066voalb2naa7r - 200 - 76.959ms | Data: {"method":"GET","url":"/api/distributors/find-by-application/cmfasqsu200066voalb2naa7r","statusCode":200,"responseTime":76.959}
2025-09-08T07:25:36.521Z [INFO] GET /api/distributors/cmfas1q9a00026voatdlvjwwi/credentials - 304 - 7.844ms | Data: {"method":"GET","url":"/api/distributors/cmfas1q9a00026voatdlvjwwi/credentials","statusCode":304,"responseTime":7.844}
2025-09-08T07:25:36.528Z [INFO] GET /api/distributors/cmfas1q9a00026voatdlvjwwi/credentials - 304 - 3.674ms | Data: {"method":"GET","url":"/api/distributors/cmfas1q9a00026voatdlvjwwi/credentials","statusCode":304,"responseTime":3.674}
2025-09-08T07:25:36.535Z [INFO] GET /api/distributors/cmfas1q9a00026voatdlvjwwi/credentials - 304 - 3.845ms | Data: {"method":"GET","url":"/api/distributors/cmfas1q9a00026voatdlvjwwi/credentials","statusCode":304,"responseTime":3.845}
2025-09-08T07:26:08.386Z [INFO] GET /api/categories - 304 - 10.72ms | Data: {"method":"GET","url":"/api/categories","statusCode":304,"responseTime":10.72}
2025-09-08T07:26:08.403Z [INFO] GET /api/categories - 304 - 7.745ms | Data: {"method":"GET","url":"/api/categories","statusCode":304,"responseTime":7.745}
2025-09-08T07:26:37.919Z [ERROR] POST /api/categories - 429 - 79.895ms | Data: {"method":"POST","url":"/api/categories","statusCode":429,"responseTime":79.895}
2025-09-08T07:26:51.975Z [INFO] GET /api/auth/users - 304 - 107.51ms | Data: {"method":"GET","url":"/api/auth/users","statusCode":304,"responseTime":107.51}
2025-09-08T07:26:52.003Z [INFO] GET /api/auth/users - 304 - 18.324ms | Data: {"method":"GET","url":"/api/auth/users","statusCode":304,"responseTime":18.324}
2025-09-08T07:28:17.929Z [INFO] GET /api/production/raw-materials/categories - 304 - 121.814ms | Data: {"method":"GET","url":"/api/production/raw-materials/categories","statusCode":304,"responseTime":121.814}
2025-09-08T07:28:17.969Z [INFO] GET /api/production/machines - 200 - 55.698ms | Data: {"method":"GET","url":"/api/production/machines","statusCode":200,"responseTime":55.698}
2025-09-08T07:28:18.029Z [INFO] GET /api/production/machines - 200 - 178.214ms | Data: {"method":"GET","url":"/api/production/machines","statusCode":200,"responseTime":178.214}
2025-09-08T07:28:18.034Z [INFO] GET /api/production/work-centers - 304 - 202.186ms | Data: {"method":"GET","url":"/api/production/work-centers","statusCode":304,"responseTime":202.186}
2025-09-08T07:28:18.043Z [INFO] GET /api/production/raw-materials/categories - 304 - 104.099ms | Data: {"method":"GET","url":"/api/production/raw-materials/categories","statusCode":304,"responseTime":104.099}
2025-09-08T07:28:18.049Z [INFO] GET /api/production/work-centers - 304 - 9.079ms | Data: {"method":"GET","url":"/api/production/work-centers","statusCode":304,"responseTime":9.079}
2025-09-08T07:28:33.485Z [INFO] GET /api/production/orders - 304 - 26.227ms | Data: {"method":"GET","url":"/api/production/orders","statusCode":304,"responseTime":26.227}
2025-09-08T07:28:33.508Z [INFO] GET /api/production/work-centers - 304 - 39.435ms | Data: {"method":"GET","url":"/api/production/work-centers","statusCode":304,"responseTime":39.435}
2025-09-08T07:28:33.512Z [INFO] GET /api/production/schedules - 304 - 33.984ms | Data: {"method":"GET","url":"/api/production/schedules","statusCode":304,"responseTime":33.984}
2025-09-08T07:28:33.541Z [INFO] GET /api/production/orders - 304 - 44.655ms | Data: {"method":"GET","url":"/api/production/orders","statusCode":304,"responseTime":44.655}
2025-09-08T07:28:33.609Z [INFO] GET /api/production/schedules - 304 - 20.193ms | Data: {"method":"GET","url":"/api/production/schedules","statusCode":304,"responseTime":20.193}
2025-09-08T07:28:33.621Z [INFO] GET /api/production/work-centers - 304 - 48.464ms | Data: {"method":"GET","url":"/api/production/work-centers","statusCode":304,"responseTime":48.464}
2025-09-08T07:28:47.253Z [INFO] GET /api/production/orders - 304 - 28.105ms | Data: {"method":"GET","url":"/api/production/orders","statusCode":304,"responseTime":28.105}
2025-09-08T07:28:47.300Z [INFO] GET /api/production/raw-materials - 304 - 60.061ms | Data: {"method":"GET","url":"/api/production/raw-materials","statusCode":304,"responseTime":60.061}
2025-09-08T07:28:47.346Z [INFO] GET /api/production/records - 200 - 80.005ms | Data: {"method":"GET","url":"/api/production/records","statusCode":200,"responseTime":80.005}
2025-09-08T07:28:47.370Z [INFO] GET /api/production/orders - 304 - 37.119ms | Data: {"method":"GET","url":"/api/production/orders","statusCode":304,"responseTime":37.119}
2025-09-08T07:28:47.383Z [INFO] GET /api/production/records - 200 - 59.946ms | Data: {"method":"GET","url":"/api/production/records","statusCode":200,"responseTime":59.946}
2025-09-08T07:28:47.399Z [INFO] GET /api/production/raw-materials - 304 - 43.848ms | Data: {"method":"GET","url":"/api/production/raw-materials","statusCode":304,"responseTime":43.848}
2025-09-08T07:29:03.659Z [INFO] GET /api/production/raw-materials - 304 - 33.461ms | Data: {"method":"GET","url":"/api/production/raw-materials","statusCode":304,"responseTime":33.461}
2025-09-08T07:29:03.663Z [INFO] GET /api/production/raw-materials/categories - 304 - 26.089ms | Data: {"method":"GET","url":"/api/production/raw-materials/categories","statusCode":304,"responseTime":26.089}
2025-09-08T07:29:03.681Z [INFO] GET /api/production/raw-materials/transactions - 304 - 28.59ms | Data: {"method":"GET","url":"/api/production/raw-materials/transactions","statusCode":304,"responseTime":28.59}
2025-09-08T07:29:03.715Z [INFO] GET /api/production/raw-materials - 304 - 41.553ms | Data: {"method":"GET","url":"/api/production/raw-materials","statusCode":304,"responseTime":41.553}
2025-09-08T07:29:03.727Z [INFO] GET /api/production/raw-materials/categories - 304 - 38.791ms | Data: {"method":"GET","url":"/api/production/raw-materials/categories","statusCode":304,"responseTime":38.791}
2025-09-08T07:29:03.737Z [INFO] GET /api/production/raw-materials/transactions - 304 - 29.748ms | Data: {"method":"GET","url":"/api/production/raw-materials/transactions","statusCode":304,"responseTime":29.748}
2025-09-08T07:29:13.029Z [INFO] GET /api/production/analytics/kpis?period=monthly - 200 - 33.47ms | Data: {"method":"GET","url":"/api/production/analytics/kpis?period=monthly","statusCode":200,"responseTime":33.47}
2025-09-08T07:29:13.033Z [INFO] GET /api/production/analytics/reports?reportType=monthly&fromDate=2025-09-08&toDate=2025-09-08 - 304 - 30.842ms | Data: {"method":"GET","url":"/api/production/analytics/reports?reportType=monthly&fromDate=2025-09-08&toDate=2025-09-08","statusCode":304,"responseTime":30.842}
2025-09-08T07:29:13.107Z [INFO] GET /api/production/analytics/kpis?period=monthly - 200 - 63.034ms | Data: {"method":"GET","url":"/api/production/analytics/kpis?period=monthly","statusCode":200,"responseTime":63.034}
2025-09-08T07:29:13.195Z [INFO] GET /api/production/analytics/reports?reportType=monthly&fromDate=2025-09-08&toDate=2025-09-08 - 304 - 146.53ms | Data: {"method":"GET","url":"/api/production/analytics/reports?reportType=monthly&fromDate=2025-09-08&toDate=2025-09-08","statusCode":304,"responseTime":146.53}
2025-09-08T07:29:39.017Z [INFO] GET /api/accounting/journal-entries - 304 - 153.82ms | Data: {"method":"GET","url":"/api/accounting/journal-entries","statusCode":304,"responseTime":153.82}
2025-09-08T07:29:39.027Z [INFO] GET /api/accounting/accounts - 304 - 156.105ms | Data: {"method":"GET","url":"/api/accounting/accounts","statusCode":304,"responseTime":156.105}
2025-09-08T07:29:39.064Z [INFO] GET /api/accounting/journal-entries - 304 - 34.22ms | Data: {"method":"GET","url":"/api/accounting/journal-entries","statusCode":304,"responseTime":34.22}
2025-09-08T07:29:39.070Z [INFO] GET /api/accounting/accounts - 304 - 26.421ms | Data: {"method":"GET","url":"/api/accounting/accounts","statusCode":304,"responseTime":26.421}
2025-09-08T07:29:57.129Z [INFO] GET /api/accounting/mis-reports/kpis?asOfDate=2025-09-08 - 304 - 19.842ms | Data: {"method":"GET","url":"/api/accounting/mis-reports/kpis?asOfDate=2025-09-08","statusCode":304,"responseTime":19.842}
2025-09-08T07:29:57.133Z [INFO] GET /api/accounting/trial-balance?asOfDate=2025-09-08 - 304 - 11.866ms | Data: {"method":"GET","url":"/api/accounting/trial-balance?asOfDate=2025-09-08","statusCode":304,"responseTime":11.866}
2025-09-08T07:29:57.178Z [INFO] GET /api/accounting/debtors-creditors/aging?asOfDate=2025-09-08 - 304 - 36.411ms | Data: {"method":"GET","url":"/api/accounting/debtors-creditors/aging?asOfDate=2025-09-08","statusCode":304,"responseTime":36.411}
2025-09-08T07:29:57.182Z [INFO] GET /api/accounting/trial-balance?asOfDate=2025-09-08 - 304 - 24.99ms | Data: {"method":"GET","url":"/api/accounting/trial-balance?asOfDate=2025-09-08","statusCode":304,"responseTime":24.99}
2025-09-08T07:29:57.190Z [INFO] GET /api/accounting/mis-reports/kpis?asOfDate=2025-09-08 - 304 - 16.203ms | Data: {"method":"GET","url":"/api/accounting/mis-reports/kpis?asOfDate=2025-09-08","statusCode":304,"responseTime":16.203}
2025-09-08T07:29:57.217Z [INFO] GET /api/accounting/debtors-creditors/aging?asOfDate=2025-09-08 - 304 - 22.839ms | Data: {"method":"GET","url":"/api/accounting/debtors-creditors/aging?asOfDate=2025-09-08","statusCode":304,"responseTime":22.839}
2025-09-08T07:30:07.672Z [INFO] GET /api/accounting/journal-entries - 304 - 52.719ms | Data: {"method":"GET","url":"/api/accounting/journal-entries","statusCode":304,"responseTime":52.719}
2025-09-08T07:30:07.699Z [INFO] GET /api/accounting/accounts - 304 - 39.121ms | Data: {"method":"GET","url":"/api/accounting/accounts","statusCode":304,"responseTime":39.121}
2025-09-08T07:30:07.716Z [INFO] GET /api/accounting/journal-entries - 304 - 30.179ms | Data: {"method":"GET","url":"/api/accounting/journal-entries","statusCode":304,"responseTime":30.179}
2025-09-08T07:30:07.748Z [INFO] GET /api/accounting/accounts - 304 - 40.062ms | Data: {"method":"GET","url":"/api/accounting/accounts","statusCode":304,"responseTime":40.062}
2025-09-08T07:30:27.197Z [INFO] GET /api/accounting/trial-balance?asOfDate=2025-09-08 - 304 - 16.504ms | Data: {"method":"GET","url":"/api/accounting/trial-balance?asOfDate=2025-09-08","statusCode":304,"responseTime":16.504}
2025-09-08T07:30:27.216Z [INFO] GET /api/accounting/debtors-creditors/aging?asOfDate=2025-09-08 - 304 - 14.411ms | Data: {"method":"GET","url":"/api/accounting/debtors-creditors/aging?asOfDate=2025-09-08","statusCode":304,"responseTime":14.411}
2025-09-08T07:30:27.248Z [INFO] GET /api/accounting/trial-balance?asOfDate=2025-09-08 - 304 - 27.154ms | Data: {"method":"GET","url":"/api/accounting/trial-balance?asOfDate=2025-09-08","statusCode":304,"responseTime":27.154}
2025-09-08T07:30:27.256Z [INFO] GET /api/accounting/debtors-creditors/aging?asOfDate=2025-09-08 - 304 - 15.393ms | Data: {"method":"GET","url":"/api/accounting/debtors-creditors/aging?asOfDate=2025-09-08","statusCode":304,"responseTime":15.393}
2025-09-08T07:30:33.513Z [INFO] GET /api/accounting/journal-entries - 304 - 19.282ms | Data: {"method":"GET","url":"/api/accounting/journal-entries","statusCode":304,"responseTime":19.282}
2025-09-08T07:30:33.524Z [INFO] GET /api/accounting/accounts - 304 - 21.643ms | Data: {"method":"GET","url":"/api/accounting/accounts","statusCode":304,"responseTime":21.643}
2025-09-08T07:30:33.563Z [INFO] GET /api/accounting/journal-entries - 304 - 35.002ms | Data: {"method":"GET","url":"/api/accounting/journal-entries","statusCode":304,"responseTime":35.002}
2025-09-08T07:30:33.575Z [INFO] GET /api/accounting/accounts - 304 - 34.791ms | Data: {"method":"GET","url":"/api/accounting/accounts","statusCode":304,"responseTime":34.791}
2025-09-08T07:32:43.832Z [INFO] GET /api/accounting/journal-entries - 304 - 166.776ms | Data: {"method":"GET","url":"/api/accounting/journal-entries","statusCode":304,"responseTime":166.776}
2025-09-08T07:32:43.843Z [INFO] GET /api/accounting/accounts - 304 - 169.018ms | Data: {"method":"GET","url":"/api/accounting/accounts","statusCode":304,"responseTime":169.018}
2025-09-08T07:32:43.885Z [INFO] GET /api/accounting/journal-entries - 304 - 27.999ms | Data: {"method":"GET","url":"/api/accounting/journal-entries","statusCode":304,"responseTime":27.999}
2025-09-08T07:32:43.890Z [INFO] GET /api/accounting/accounts - 304 - 20.977ms | Data: {"method":"GET","url":"/api/accounting/accounts","statusCode":304,"responseTime":20.977}
2025-09-08T07:34:32.249Z [INFO] GET /api/accounting/journal-entries - 304 - 23.05ms | Data: {"method":"GET","url":"/api/accounting/journal-entries","statusCode":304,"responseTime":23.05}
2025-09-08T07:34:32.253Z [INFO] GET /api/accounting/accounts - 304 - 20.196ms | Data: {"method":"GET","url":"/api/accounting/accounts","statusCode":304,"responseTime":20.196}
2025-09-08T07:34:32.300Z [INFO] GET /api/accounting/journal-entries - 304 - 37.588ms | Data: {"method":"GET","url":"/api/accounting/journal-entries","statusCode":304,"responseTime":37.588}
2025-09-08T07:34:32.323Z [INFO] GET /api/accounting/accounts - 304 - 35.26ms | Data: {"method":"GET","url":"/api/accounting/accounts","statusCode":304,"responseTime":35.26}
2025-09-08T07:35:07.382Z [INFO] GET /api/accounting/accounts - 304 - 157.365ms | Data: {"method":"GET","url":"/api/accounting/accounts","statusCode":304,"responseTime":157.365}
2025-09-08T07:35:07.421Z [INFO] GET /api/accounting/accounts - 304 - 28.283ms | Data: {"method":"GET","url":"/api/accounting/accounts","statusCode":304,"responseTime":28.283}
2025-09-08T07:35:07.434Z [INFO] GET /api/accounting/journal-entries - 304 - 216.009ms | Data: {"method":"GET","url":"/api/accounting/journal-entries","statusCode":304,"responseTime":216.009}
2025-09-08T07:35:07.460Z [INFO] GET /api/accounting/journal-entries - 304 - 20.838ms | Data: {"method":"GET","url":"/api/accounting/journal-entries","statusCode":304,"responseTime":20.838}
2025-09-08T07:36:04.817Z [INFO] GET /api/accounting/journal-entries - 304 - 29.62ms | Data: {"method":"GET","url":"/api/accounting/journal-entries","statusCode":304,"responseTime":29.62}
2025-09-08T07:36:04.856Z [INFO] GET /api/accounting/accounts - 304 - 57.676ms | Data: {"method":"GET","url":"/api/accounting/accounts","statusCode":304,"responseTime":57.676}
2025-09-08T07:36:04.887Z [INFO] GET /api/accounting/journal-entries - 304 - 49.145ms | Data: {"method":"GET","url":"/api/accounting/journal-entries","statusCode":304,"responseTime":49.145}
2025-09-08T07:36:04.914Z [INFO] GET /api/accounting/accounts - 304 - 42.2ms | Data: {"method":"GET","url":"/api/accounting/accounts","statusCode":304,"responseTime":42.2}
2025-09-08T07:44:05.422Z [INFO] GET /api/accounting/journal-entries - 304 - 133.319ms | Data: {"method":"GET","url":"/api/accounting/journal-entries","statusCode":304,"responseTime":133.319}
2025-09-08T07:44:05.431Z [INFO] GET /api/accounting/accounts - 304 - 126.809ms | Data: {"method":"GET","url":"/api/accounting/accounts","statusCode":304,"responseTime":126.809}
2025-09-08T07:44:05.437Z [INFO] GET /api/accounting/journal-entries - 304 - 10.941ms | Data: {"method":"GET","url":"/api/accounting/journal-entries","statusCode":304,"responseTime":10.941}
2025-09-08T07:44:05.444Z [INFO] GET /api/accounting/accounts - 304 - 9.081ms | Data: {"method":"GET","url":"/api/accounting/accounts","statusCode":304,"responseTime":9.081}
2025-09-08T07:44:19.740Z [INFO] GET /api/applications/dev?page=1&limit=10&sortBy=createdAt&sortOrder=desc - 304 - 85.49ms | Data: {"method":"GET","url":"/api/applications/dev?page=1&limit=10&sortBy=createdAt&sortOrder=desc","statusCode":304,"responseTime":85.49}
2025-09-08T07:44:19.753Z [INFO] GET /api/applications/dev?page=1&limit=10&sortBy=createdAt&sortOrder=desc - 304 - 8.731ms | Data: {"method":"GET","url":"/api/applications/dev?page=1&limit=10&sortBy=createdAt&sortOrder=desc","statusCode":304,"responseTime":8.731}
2025-09-08T07:44:19.767Z [INFO] GET /api/applications/dev?page=1&limit=10&sortBy=createdAt&sortOrder=desc - 304 - 10.482ms | Data: {"method":"GET","url":"/api/applications/dev?page=1&limit=10&sortBy=createdAt&sortOrder=desc","statusCode":304,"responseTime":10.482}
2025-09-08T07:44:35.687Z [INFO] GET /api/production/orders - 304 - 43.311ms | Data: {"method":"GET","url":"/api/production/orders","statusCode":304,"responseTime":43.311}
2025-09-08T07:44:35.695Z [INFO] GET /api/production/orders - 304 - 5.983ms | Data: {"method":"GET","url":"/api/production/orders","statusCode":304,"responseTime":5.983}
2025-09-08T07:44:35.704Z [INFO] GET /api/production/schedules - 304 - 47.824ms | Data: {"method":"GET","url":"/api/production/schedules","statusCode":304,"responseTime":47.824}
2025-09-08T07:44:35.709Z [INFO] GET /api/production/work-centers - 304 - 56.473ms | Data: {"method":"GET","url":"/api/production/work-centers","statusCode":304,"responseTime":56.473}
2025-09-08T07:44:35.713Z [INFO] GET /api/production/schedules - 304 - 6.893ms | Data: {"method":"GET","url":"/api/production/schedules","statusCode":304,"responseTime":6.893}
2025-09-08T07:44:35.723Z [INFO] GET /api/production/work-centers - 304 - 7.57ms | Data: {"method":"GET","url":"/api/production/work-centers","statusCode":304,"responseTime":7.57}
2025-09-08T07:44:41.326Z [INFO] GET /api/production/raw-materials/categories - 304 - 6.022ms | Data: {"method":"GET","url":"/api/production/raw-materials/categories","statusCode":304,"responseTime":6.022}
2025-09-08T07:44:41.332Z [INFO] GET /api/production/work-centers - 304 - 9.217ms | Data: {"method":"GET","url":"/api/production/work-centers","statusCode":304,"responseTime":9.217}
2025-09-08T07:44:41.337Z [INFO] GET /api/production/machines - 304 - 12.788ms | Data: {"method":"GET","url":"/api/production/machines","statusCode":304,"responseTime":12.788}
2025-09-08T07:44:41.338Z [INFO] GET /api/production/raw-materials/categories - 304 - 9.708ms | Data: {"method":"GET","url":"/api/production/raw-materials/categories","statusCode":304,"responseTime":9.708}
2025-09-08T07:44:41.345Z [INFO] GET /api/production/work-centers - 304 - 9.438ms | Data: {"method":"GET","url":"/api/production/work-centers","statusCode":304,"responseTime":9.438}
2025-09-08T07:44:41.349Z [INFO] GET /api/production/machines - 304 - 6.236ms | Data: {"method":"GET","url":"/api/production/machines","statusCode":304,"responseTime":6.236}
2025-09-08T07:44:48.724Z [INFO] GET /api/production/raw-materials/categories - 304 - 11.644ms | Data: {"method":"GET","url":"/api/production/raw-materials/categories","statusCode":304,"responseTime":11.644}
2025-09-08T07:44:48.735Z [INFO] GET /api/production/work-centers - 304 - 19.629ms | Data: {"method":"GET","url":"/api/production/work-centers","statusCode":304,"responseTime":19.629}
2025-09-08T07:44:48.737Z [INFO] GET /api/production/machines - 304 - 17.029ms | Data: {"method":"GET","url":"/api/production/machines","statusCode":304,"responseTime":17.029}
2025-09-08T07:44:48.748Z [INFO] GET /api/production/raw-materials/categories - 304 - 17.345ms | Data: {"method":"GET","url":"/api/production/raw-materials/categories","statusCode":304,"responseTime":17.345}
2025-09-08T07:44:48.752Z [INFO] GET /api/production/machines - 304 - 5.492ms | Data: {"method":"GET","url":"/api/production/machines","statusCode":304,"responseTime":5.492}
2025-09-08T07:44:48.753Z [INFO] GET /api/production/work-centers - 304 - 10.943ms | Data: {"method":"GET","url":"/api/production/work-centers","statusCode":304,"responseTime":10.943}
2025-09-08T07:46:30.615Z [INFO] GET /api/production/records - 304 - 8.412ms | Data: {"method":"GET","url":"/api/production/records","statusCode":304,"responseTime":8.412}
2025-09-08T07:46:30.638Z [INFO] GET /api/production/orders - 304 - 28.821ms | Data: {"method":"GET","url":"/api/production/orders","statusCode":304,"responseTime":28.821}
2025-09-08T07:46:30.642Z [INFO] GET /api/production/raw-materials - 304 - 29.25ms | Data: {"method":"GET","url":"/api/production/raw-materials","statusCode":304,"responseTime":29.25}
2025-09-08T07:46:30.659Z [INFO] GET /api/production/records - 304 - 14.306ms | Data: {"method":"GET","url":"/api/production/records","statusCode":304,"responseTime":14.306}
2025-09-08T07:46:30.661Z [INFO] GET /api/production/orders - 304 - 13.481ms | Data: {"method":"GET","url":"/api/production/orders","statusCode":304,"responseTime":13.481}
2025-09-08T07:46:30.662Z [INFO] GET /api/production/raw-materials - 304 - 12.682ms | Data: {"method":"GET","url":"/api/production/raw-materials","statusCode":304,"responseTime":12.682}
2025-09-08T07:46:36.052Z [INFO] GET /api/production/analytics/reports?reportType=monthly&fromDate=2025-09-08&toDate=2025-09-08 - 304 - 47.024ms | Data: {"method":"GET","url":"/api/production/analytics/reports?reportType=monthly&fromDate=2025-09-08&toDate=2025-09-08","statusCode":304,"responseTime":47.024}
2025-09-08T07:46:36.057Z [INFO] GET /api/production/analytics/kpis?period=monthly - 200 - 56.281ms | Data: {"method":"GET","url":"/api/production/analytics/kpis?period=monthly","statusCode":200,"responseTime":56.281}
2025-09-08T07:46:36.068Z [INFO] GET /api/production/analytics/reports?reportType=monthly&fromDate=2025-09-08&toDate=2025-09-08 - 304 - 13.124ms | Data: {"method":"GET","url":"/api/production/analytics/reports?reportType=monthly&fromDate=2025-09-08&toDate=2025-09-08","statusCode":304,"responseTime":13.124}
2025-09-08T07:46:36.075Z [INFO] GET /api/production/analytics/kpis?period=monthly - 200 - 10.347ms | Data: {"method":"GET","url":"/api/production/analytics/kpis?period=monthly","statusCode":200,"responseTime":10.347}
2025-09-08T07:47:28.558Z [INFO] GET /api/production/raw-materials - 304 - 19.195ms | Data: {"method":"GET","url":"/api/production/raw-materials","statusCode":304,"responseTime":19.195}
2025-09-08T07:47:28.562Z [INFO] GET /api/production/raw-materials/categories - 304 - 17.814ms | Data: {"method":"GET","url":"/api/production/raw-materials/categories","statusCode":304,"responseTime":17.814}
2025-09-08T07:47:28.571Z [INFO] GET /api/production/raw-materials/transactions - 304 - 20.351ms | Data: {"method":"GET","url":"/api/production/raw-materials/transactions","statusCode":304,"responseTime":20.351}
2025-09-08T07:47:28.583Z [INFO] GET /api/production/raw-materials - 304 - 18.9ms | Data: {"method":"GET","url":"/api/production/raw-materials","statusCode":304,"responseTime":18.9}
2025-09-08T07:47:28.590Z [INFO] GET /api/production/raw-materials/categories - 304 - 12.089ms | Data: {"method":"GET","url":"/api/production/raw-materials/categories","statusCode":304,"responseTime":12.089}
2025-09-08T07:47:28.594Z [INFO] GET /api/production/raw-materials/transactions - 304 - 8.074ms | Data: {"method":"GET","url":"/api/production/raw-materials/transactions","statusCode":304,"responseTime":8.074}
2025-09-08T07:51:36.591Z [INFO] 🚀 सर्भर पोर्ट 5000 मा सुरु भयो
2025-09-08T07:51:36.732Z [INFO] 🌍 Environment: development
2025-09-08T07:51:36.735Z [INFO] 📊 API Documentation: http://localhost:5000/api
2025-09-08T07:51:36.735Z [INFO] 🏥 Health Check: http://localhost:5000/health
2025-09-08T07:51:36.735Z [INFO] 🔧 Development mode - detailed logging enabled
2025-09-08T08:00:54.604Z [INFO] 🚀 सर्भर पोर्ट 5000 मा सुरु भयो
2025-09-08T08:00:54.623Z [INFO] 🌍 Environment: development
2025-09-08T08:00:54.624Z [INFO] 📊 API Documentation: http://localhost:5000/api
2025-09-08T08:00:54.625Z [INFO] 🏥 Health Check: http://localhost:5000/health
2025-09-08T08:00:54.626Z [INFO] 🔧 Development mode - detailed logging enabled
2025-09-08T08:02:19.094Z [INFO] POST /api/auth/login - 200 - 319.193ms | Data: {"method":"POST","url":"/api/auth/login","statusCode":200,"responseTime":319.193}
2025-09-08T08:02:30.090Z [INFO] GET /api/accounting/accounts - 304 - 139.677ms | Data: {"method":"GET","url":"/api/accounting/accounts","statusCode":304,"responseTime":139.677}
2025-09-08T08:02:30.099Z [INFO] GET /api/accounting/accounts - 304 - 6.443ms | Data: {"method":"GET","url":"/api/accounting/accounts","statusCode":304,"responseTime":6.443}
2025-09-08T08:02:30.281Z [INFO] GET /api/accounting/journal-entries - 304 - 341.367ms | Data: {"method":"GET","url":"/api/accounting/journal-entries","statusCode":304,"responseTime":341.367}
2025-09-08T08:02:30.294Z [INFO] GET /api/accounting/journal-entries - 304 - 9.447ms | Data: {"method":"GET","url":"/api/accounting/journal-entries","statusCode":304,"responseTime":9.447}
2025-09-08T08:05:07.110Z [INFO] GET /api/applications/dev?page=1&limit=10&sortBy=createdAt&sortOrder=desc - 304 - 472.793ms | Data: {"method":"GET","url":"/api/applications/dev?page=1&limit=10&sortBy=createdAt&sortOrder=desc","statusCode":304,"responseTime":472.793}
2025-09-08T08:05:07.160Z [INFO] GET /api/applications/dev?page=1&limit=10&sortBy=createdAt&sortOrder=desc - 304 - 40.004ms | Data: {"method":"GET","url":"/api/applications/dev?page=1&limit=10&sortBy=createdAt&sortOrder=desc","statusCode":304,"responseTime":40.004}
2025-09-08T08:05:07.192Z [INFO] GET /api/applications/dev?page=1&limit=10&sortBy=createdAt&sortOrder=desc - 304 - 17.781ms | Data: {"method":"GET","url":"/api/applications/dev?page=1&limit=10&sortBy=createdAt&sortOrder=desc","statusCode":304,"responseTime":17.781}
2025-09-08T08:05:08.927Z [INFO] GET /api/applications/dev?status=APPROVED - 200 - 11.214ms | Data: {"method":"GET","url":"/api/applications/dev?status=APPROVED","statusCode":200,"responseTime":11.214}
2025-09-08T08:05:08.969Z [INFO] GET /api/applications/dev?status=APPROVED - 304 - 53.489ms | Data: {"method":"GET","url":"/api/applications/dev?status=APPROVED","statusCode":304,"responseTime":53.489}
2025-09-08T08:05:09.044Z [INFO] GET /api/categories?isActive=true - 200 - 98.592ms | Data: {"method":"GET","url":"/api/categories?isActive=true","statusCode":200,"responseTime":98.592}
2025-09-08T08:05:09.045Z [INFO] GET /api/categories?isActive=true - 304 - 127.528ms | Data: {"method":"GET","url":"/api/categories?isActive=true","statusCode":304,"responseTime":127.528}
2025-09-08T08:05:09.163Z [INFO] GET /api/distributors/find-by-application/cmfasqsu200066voalb2naa7r - 304 - 207.526ms | Data: {"method":"GET","url":"/api/distributors/find-by-application/cmfasqsu200066voalb2naa7r","statusCode":304,"responseTime":207.526}
2025-09-08T08:05:09.192Z [INFO] GET /api/distributors/cmfas1q9a00026voatdlvjwwi/credentials - 304 - 9.457ms | Data: {"method":"GET","url":"/api/distributors/cmfas1q9a00026voatdlvjwwi/credentials","statusCode":304,"responseTime":9.457}
2025-09-08T08:05:09.239Z [INFO] GET /api/distributors/find-by-application/cmfas03b300006voatrddhesu - 304 - 281.119ms | Data: {"method":"GET","url":"/api/distributors/find-by-application/cmfas03b300006voatrddhesu","statusCode":304,"responseTime":281.119}
2025-09-08T08:05:09.245Z [INFO] GET /api/distributors/find-by-application/cmfas03b300006voatrddhesu - 200 - 240.286ms | Data: {"method":"GET","url":"/api/distributors/find-by-application/cmfas03b300006voatrddhesu","statusCode":200,"responseTime":240.286}
2025-09-08T08:05:09.260Z [INFO] GET /api/distributors/find-by-application/cmfasqsu200066voalb2naa7r - 200 - 259.266ms | Data: {"method":"GET","url":"/api/distributors/find-by-application/cmfasqsu200066voalb2naa7r","statusCode":200,"responseTime":259.266}
2025-09-08T08:05:09.263Z [INFO] GET /api/distributors/cmfas1q9a00026voatdlvjwwi/credentials - 304 - 8.035ms | Data: {"method":"GET","url":"/api/distributors/cmfas1q9a00026voatdlvjwwi/credentials","statusCode":304,"responseTime":8.035}
2025-09-08T08:05:09.272Z [INFO] GET /api/distributors/cmfas1q9a00026voatdlvjwwi/credentials - 304 - 5.044ms | Data: {"method":"GET","url":"/api/distributors/cmfas1q9a00026voatdlvjwwi/credentials","statusCode":304,"responseTime":5.044}
2025-09-08T08:05:09.278Z [INFO] GET /api/distributors/cmfas1q9a00026voatdlvjwwi/credentials - 304 - 2.945ms | Data: {"method":"GET","url":"/api/distributors/cmfas1q9a00026voatdlvjwwi/credentials","statusCode":304,"responseTime":2.945}
2025-09-08T08:05:25.224Z [INFO] POST /api/distributors/cmfas1q9a00026voatdlvjwwi/credentials - 200 - 475.362ms | Data: {"method":"POST","url":"/api/distributors/cmfas1q9a00026voatdlvjwwi/credentials","statusCode":200,"responseTime":475.362}
2025-09-08T08:05:26.293Z [INFO] GET /api/applications/dev?status=APPROVED - 304 - 31.076ms | Data: {"method":"GET","url":"/api/applications/dev?status=APPROVED","statusCode":304,"responseTime":31.076}
2025-09-08T08:05:26.334Z [INFO] GET /api/distributors/find-by-application/cmfasqsu200066voalb2naa7r - 304 - 20.524ms | Data: {"method":"GET","url":"/api/distributors/find-by-application/cmfasqsu200066voalb2naa7r","statusCode":304,"responseTime":20.524}
2025-09-08T08:05:26.339Z [INFO] GET /api/distributors/find-by-application/cmfas03b300006voatrddhesu - 304 - 16.984ms | Data: {"method":"GET","url":"/api/distributors/find-by-application/cmfas03b300006voatrddhesu","statusCode":304,"responseTime":16.984}
2025-09-08T08:05:26.359Z [INFO] GET /api/distributors/cmfas1q9a00026voatdlvjwwi/credentials - 200 - 11.457ms | Data: {"method":"GET","url":"/api/distributors/cmfas1q9a00026voatdlvjwwi/credentials","statusCode":200,"responseTime":11.457}
2025-09-08T08:05:26.367Z [INFO] GET /api/distributors/cmfas1q9a00026voatdlvjwwi/credentials - 304 - 2.628ms | Data: {"method":"GET","url":"/api/distributors/cmfas1q9a00026voatdlvjwwi/credentials","statusCode":304,"responseTime":2.628}
2025-09-08T08:05:48.214Z [INFO] GET /api/accounting/journal-entries - 304 - 23.608ms | Data: {"method":"GET","url":"/api/accounting/journal-entries","statusCode":304,"responseTime":23.608}
2025-09-08T08:05:48.239Z [INFO] GET /api/accounting/accounts - 304 - 40.352ms | Data: {"method":"GET","url":"/api/accounting/accounts","statusCode":304,"responseTime":40.352}
2025-09-08T08:05:48.254Z [INFO] GET /api/accounting/journal-entries - 304 - 33.105ms | Data: {"method":"GET","url":"/api/accounting/journal-entries","statusCode":304,"responseTime":33.105}
2025-09-08T08:05:48.263Z [INFO] GET /api/accounting/accounts - 304 - 18.321ms | Data: {"method":"GET","url":"/api/accounting/accounts","statusCode":304,"responseTime":18.321}
