2025-08-30T07:58:45.136Z [INFO] 🚀 सर्भर पोर्ट 5000 मा सुरु भयो
2025-08-30T07:58:45.136Z [INFO] 🌍 Environment: development
2025-08-30T07:58:45.137Z [INFO] 📊 API Documentation: http://localhost:5000/api
2025-08-30T07:58:45.137Z [INFO] 🏥 Health Check: http://localhost:5000/health
2025-08-30T07:58:45.138Z [INFO] 🔧 Development mode - detailed logging enabled
2025-08-30T08:00:14.835Z [INFO] SIGINT received. Starting graceful shutdown...
2025-08-30T08:00:14.836Z [INFO] HTTP server closed
2025-08-30T08:02:55.632Z [INFO] 🚀 सर्भर पोर्ट 5000 मा सुरु भयो
2025-08-30T08:02:55.633Z [INFO] 🌍 Environment: development
2025-08-30T08:02:55.633Z [INFO] 📊 API Documentation: http://localhost:5000/api
2025-08-30T08:02:55.633Z [INFO] 🏥 Health Check: http://localhost:5000/health
2025-08-30T08:02:55.633Z [INFO] 🔧 Development mode - detailed logging enabled
2025-08-30T08:05:35.795Z [INFO] GET /health - 200 - 7.533ms | Data: {"method":"GET","url":"/health","statusCode":200,"responseTime":7.533}
2025-08-30T08:05:43.490Z [ERROR] POST /api/applications/submit - 500 - 25.167ms | Data: {"method":"POST","url":"/api/applications/submit","statusCode":500,"responseTime":25.167}
2025-08-30T08:06:09.654Z [INFO] 🚀 सर्भर पोर्ट 5000 मा सुरु भयो
2025-08-30T08:06:09.654Z [INFO] 🌍 Environment: development
2025-08-30T08:06:09.655Z [INFO] 📊 API Documentation: http://localhost:5000/api
2025-08-30T08:06:09.655Z [INFO] 🏥 Health Check: http://localhost:5000/health
2025-08-30T08:06:09.655Z [INFO] 🔧 Development mode - detailed logging enabled
2025-08-30T08:06:27.931Z [INFO] 🚀 सर्भर पोर्ट 5000 मा सुरु भयो
2025-08-30T08:06:27.932Z [INFO] 🌍 Environment: development
2025-08-30T08:06:27.932Z [INFO] 📊 API Documentation: http://localhost:5000/api
2025-08-30T08:06:27.932Z [INFO] 🏥 Health Check: http://localhost:5000/health
2025-08-30T08:06:27.932Z [INFO] 🔧 Development mode - detailed logging enabled
2025-08-30T10:14:34.795Z [ERROR] POST /api/applications/submit - 400 - 86.171ms | Data: {"method":"POST","url":"/api/applications/submit","statusCode":400,"responseTime":86.171}
2025-08-30T10:14:48.100Z [ERROR] POST /api/applications/submit - 400 - 12.721ms | Data: {"method":"POST","url":"/api/applications/submit","statusCode":400,"responseTime":12.721}
2025-08-30T11:38:01.177Z [INFO] GET /health - 200 - 704.606ms | Data: {"method":"GET","url":"/health","statusCode":200,"responseTime":704.606}
2025-08-30T11:38:09.356Z [ERROR] POST /api/applications/submit - 400 - 16.88ms | Data: {"method":"POST","url":"/api/applications/submit","statusCode":400,"responseTime":16.88}
2025-08-30T11:39:50.434Z [ERROR] POST /api/applications/submit - 400 - 612.762ms | Data: {"method":"POST","url":"/api/applications/submit","statusCode":400,"responseTime":612.762}
2025-08-30T11:41:05.972Z [INFO] POST /api/applications/submit - 201 - 557.874ms | Data: {"method":"POST","url":"/api/applications/submit","statusCode":201,"responseTime":557.874}
2025-08-30T12:00:24.468Z [ERROR] POST /api/applications/submit - 429 - 42.383ms | Data: {"method":"POST","url":"/api/applications/submit","statusCode":429,"responseTime":42.383}
2025-08-30T12:00:38.124Z [ERROR] POST /api/applications/submit - 429 - 3.596ms | Data: {"method":"POST","url":"/api/applications/submit","statusCode":429,"responseTime":3.596}
2025-08-30T12:02:12.984Z [INFO] 🚀 सर्भर पोर्ट 5000 मा सुरु भयो
2025-08-30T12:02:13.019Z [INFO] 🌍 Environment: development
2025-08-30T12:02:13.019Z [INFO] 📊 API Documentation: http://localhost:5000/api
2025-08-30T12:02:13.019Z [INFO] 🏥 Health Check: http://localhost:5000/health
2025-08-30T12:02:13.019Z [INFO] 🔧 Development mode - detailed logging enabled
2025-08-30T12:04:00.940Z [INFO] GET /health - 200 - 54.426ms | Data: {"method":"GET","url":"/health","statusCode":200,"responseTime":54.426}
2025-08-30T12:05:07.348Z [INFO] POST /api/applications/submit - 201 - 215.804ms | Data: {"method":"POST","url":"/api/applications/submit","statusCode":201,"responseTime":215.804}
2025-08-30T12:13:24.757Z [INFO] 🚀 सर्भर पोर्ट 5000 मा सुरु भयो
2025-08-30T12:13:24.812Z [INFO] 🌍 Environment: development
2025-08-30T12:13:24.812Z [INFO] 📊 API Documentation: http://localhost:5000/api
2025-08-30T12:13:24.812Z [INFO] 🏥 Health Check: http://localhost:5000/health
2025-08-30T12:13:24.813Z [INFO] 🔧 Development mode - detailed logging enabled
2025-08-30T12:13:24.813Z [ERROR] Uncaught Exception | Stack: Error: EIO: i/o error, write
    at writeSync (node:fs:923:3)
    at SyncWriteStream._write (node:internal/fs/sync_write_stream:27:5)
    at writeOrBuffer (node:internal/streams/writable:572:12)
    at _write (node:internal/streams/writable:501:10)
    at SyncWriteStream.Writable.write (node:internal/streams/writable:510:10)
    at console.value (node:internal/console/constructor:298:16)
    at console.log (node:internal/console/constructor:384:26)
    at connectDatabase (/home/theaavashh/workplace/new/analytics/distributor-api/src/utils/database.ts:27:13)
    at async startServer (/home/theaavashh/workplace/new/analytics/distributor-api/src/index.ts:146:7)
2025-08-30T12:27:02.553Z [INFO] 🚀 सर्भर पोर्ट 5000 मा सुरु भयो
2025-08-30T12:27:02.564Z [INFO] 🌍 Environment: development
2025-08-30T12:27:02.564Z [INFO] 📊 API Documentation: http://localhost:5000/api
2025-08-30T12:27:02.565Z [INFO] 🏥 Health Check: http://localhost:5000/health
2025-08-30T12:27:02.565Z [INFO] 🔧 Development mode - detailed logging enabled
2025-08-30T12:43:26.658Z [ERROR] Uncaught Exception | Stack: Error: listen EADDRINUSE: address already in use :::5000
    at Server.setupListenHandle [as _listen2] (node:net:1940:16)
    at listenInCluster (node:net:1997:12)
    at Server.listen (node:net:2102:7)
    at Function.listen (/home/theaavashh/workplace/new/analytics/distributor-api/node_modules/express/lib/application.js:635:24)
    at startServer (/home/theaavashh/workplace/new/analytics/distributor-api/src/index.ts:156:24)
2025-08-30T12:43:26.858Z [INFO] GET /health - 200 - 225.193ms | Data: {"method":"GET","url":"/health","statusCode":200,"responseTime":225.193}
2025-08-30T12:47:17.282Z [ERROR] Uncaught Exception | Stack: Error: listen EADDRINUSE: address already in use :::5000
    at Server.setupListenHandle [as _listen2] (node:net:1940:16)
    at listenInCluster (node:net:1997:12)
    at Server.listen (node:net:2102:7)
    at Function.listen (/home/theaavashh/workplace/new/analytics/distributor-api/node_modules/express/lib/application.js:635:24)
    at startServer (/home/theaavashh/workplace/new/analytics/distributor-api/src/index.ts:156:24)
2025-08-30T12:47:59.467Z [INFO] GET /health - 200 - 2.878ms | Data: {"method":"GET","url":"/health","statusCode":200,"responseTime":2.878}
2025-08-30T12:49:17.128Z [INFO] SIGINT received. Starting graceful shutdown...
2025-08-30T12:49:17.130Z [INFO] HTTP server closed
2025-08-30T12:49:28.212Z [INFO] 🚀 सर्भर पोर्ट 5000 मा सुरु भयो
2025-08-30T12:49:28.213Z [INFO] 🌍 Environment: development
2025-08-30T12:49:28.213Z [INFO] 📊 API Documentation: http://localhost:5000/api
2025-08-30T12:49:28.213Z [INFO] 🏥 Health Check: http://localhost:5000/health
2025-08-30T12:49:28.213Z [INFO] 🔧 Development mode - detailed logging enabled
2025-08-30T12:52:49.555Z [ERROR] Uncaught Exception | Stack: Error: listen EADDRINUSE: address already in use :::5000
    at Server.setupListenHandle [as _listen2] (node:net:1940:16)
    at listenInCluster (node:net:1997:12)
    at Server.listen (node:net:2102:7)
    at Function.listen (/home/theaavashh/workplace/new/analytics/distributor-api/node_modules/express/lib/application.js:635:24)
    at startServer (/home/theaavashh/workplace/new/analytics/distributor-api/src/index.ts:156:24)
2025-08-30T12:54:38.069Z [ERROR] Uncaught Exception | Stack: Error: listen EADDRINUSE: address already in use :::5000
    at Server.setupListenHandle [as _listen2] (node:net:1940:16)
    at listenInCluster (node:net:1997:12)
    at Server.listen (node:net:2102:7)
    at Function.listen (/home/theaavashh/workplace/new/analytics/distributor-api/node_modules/express/lib/application.js:635:24)
    at startServer (/home/theaavashh/workplace/new/analytics/distributor-api/src/index.ts:156:24)
2025-08-30T13:34:08.941Z [INFO] 🚀 सर्भर पोर्ट 5000 मा सुरु भयो
2025-08-30T13:34:08.942Z [INFO] 🌍 Environment: development
2025-08-30T13:34:08.942Z [INFO] 📊 API Documentation: http://localhost:5000/api
2025-08-30T13:34:08.942Z [INFO] 🏥 Health Check: http://localhost:5000/health
2025-08-30T13:34:08.942Z [INFO] 🔧 Development mode - detailed logging enabled
2025-08-30T13:49:49.844Z [INFO] GET /health - 200 - 412.446ms | Data: {"method":"GET","url":"/health","statusCode":200,"responseTime":412.446}
2025-08-30T13:55:21.574Z [ERROR] POST /api/applications/submit - 400 - 30.637ms | Data: {"method":"POST","url":"/api/applications/submit","statusCode":400,"responseTime":30.637}
2025-08-30T14:01:55.174Z [ERROR] POST /api/applications/submit - 400 - 3.807ms | Data: {"method":"POST","url":"/api/applications/submit","statusCode":400,"responseTime":3.807}
2025-08-30T14:05:49.279Z [ERROR] POST /api/applications/submit - 400 - 7.341ms | Data: {"method":"POST","url":"/api/applications/submit","statusCode":400,"responseTime":7.341}
2025-08-30T14:05:56.990Z [ERROR] POST /api/applications/submit - 429 - 0.727ms | Data: {"method":"POST","url":"/api/applications/submit","statusCode":429,"responseTime":0.727}
2025-08-30T14:32:40.561Z [ERROR] POST /api/applications/submit - 429 - 2.877ms | Data: {"method":"POST","url":"/api/applications/submit","statusCode":429,"responseTime":2.877}
2025-08-30T14:33:09.552Z [INFO] SIGINT received. Starting graceful shutdown...
2025-08-30T14:33:09.558Z [INFO] HTTP server closed
2025-08-30T14:46:37.471Z [INFO] 🚀 सर्भर पोर्ट 5000 मा सुरु भयो
2025-08-30T14:46:37.473Z [INFO] 🌍 Environment: development
2025-08-30T14:46:37.481Z [INFO] 📊 API Documentation: http://localhost:5000/api
2025-08-30T14:46:37.485Z [INFO] 🏥 Health Check: http://localhost:5000/health
2025-08-30T14:46:37.486Z [INFO] 🔧 Development mode - detailed logging enabled
2025-08-30T14:46:37.506Z [ERROR] Uncaught Exception | Stack: Error: listen EADDRINUSE: address already in use :::5000
    at Server.setupListenHandle [as _listen2] (node:net:1940:16)
    at listenInCluster (node:net:1997:12)
    at Server.listen (node:net:2102:7)
    at Function.listen (/home/theaavashh/workplace/new/analytics/distributor-api/node_modules/express/lib/application.js:635:24)
    at startServer (/home/theaavashh/workplace/new/analytics/distributor-api/src/index.ts:156:24)
2025-08-30T14:46:37.650Z [ERROR] Uncaught Exception | Stack: Error: listen EADDRINUSE: address already in use :::5000
    at Server.setupListenHandle [as _listen2] (node:net:1940:16)
    at listenInCluster (node:net:1997:12)
    at Server.listen (node:net:2102:7)
    at Function.listen (/home/theaavashh/workplace/new/analytics/distributor-api/node_modules/express/lib/application.js:635:24)
    at startServer (/home/theaavashh/workplace/new/analytics/distributor-api/src/index.ts:156:24)
2025-08-30T14:49:25.882Z [ERROR] Uncaught Exception | Stack: Error: listen EADDRINUSE: address already in use :::5000
    at Server.setupListenHandle [as _listen2] (node:net:1940:16)
    at listenInCluster (node:net:1997:12)
    at Server.listen (node:net:2102:7)
    at Function.listen (/home/theaavashh/workplace/new/analytics/distributor-api/node_modules/express/lib/application.js:635:24)
    at startServer (/home/theaavashh/workplace/new/analytics/distributor-api/src/index.ts:156:24)
2025-08-30T14:49:43.404Z [INFO] 🚀 सर्भर पोर्ट 5000 मा सुरु भयो
2025-08-30T14:49:43.414Z [INFO] 🌍 Environment: development
2025-08-30T14:49:43.417Z [INFO] 📊 API Documentation: http://localhost:5000/api
2025-08-30T14:49:43.418Z [INFO] 🏥 Health Check: http://localhost:5000/health
2025-08-30T14:49:43.420Z [INFO] 🔧 Development mode - detailed logging enabled
2025-08-30T14:49:43.851Z [ERROR] Uncaught Exception | Stack: Error: listen EADDRINUSE: address already in use :::5000
    at Server.setupListenHandle [as _listen2] (node:net:1940:16)
    at listenInCluster (node:net:1997:12)
    at Server.listen (node:net:2102:7)
    at Function.listen (/home/theaavashh/workplace/new/analytics/distributor-api/node_modules/express/lib/application.js:635:24)
    at startServer (/home/theaavashh/workplace/new/analytics/distributor-api/src/index.ts:156:24)
2025-08-30T14:49:44.049Z [ERROR] Uncaught Exception | Stack: Error: listen EADDRINUSE: address already in use :::5000
    at Server.setupListenHandle [as _listen2] (node:net:1940:16)
    at listenInCluster (node:net:1997:12)
    at Server.listen (node:net:2102:7)
    at Function.listen (/home/theaavashh/workplace/new/analytics/distributor-api/node_modules/express/lib/application.js:635:24)
    at startServer (/home/theaavashh/workplace/new/analytics/distributor-api/src/index.ts:156:24)
2025-08-30T14:49:44.086Z [ERROR] Uncaught Exception | Stack: Error: listen EADDRINUSE: address already in use :::5000
    at Server.setupListenHandle [as _listen2] (node:net:1940:16)
    at listenInCluster (node:net:1997:12)
    at Server.listen (node:net:2102:7)
    at Function.listen (/home/theaavashh/workplace/new/analytics/distributor-api/node_modules/express/lib/application.js:635:24)
    at startServer (/home/theaavashh/workplace/new/analytics/distributor-api/src/index.ts:156:24)
2025-08-30T14:51:25.811Z [INFO] 🚀 सर्भर पोर्ट 5000 मा सुरु भयो
2025-08-30T14:51:25.813Z [INFO] 🌍 Environment: development
2025-08-30T14:51:25.814Z [INFO] 📊 API Documentation: http://localhost:5000/api
2025-08-30T14:51:25.814Z [INFO] 🏥 Health Check: http://localhost:5000/health
2025-08-30T14:51:25.816Z [INFO] 🔧 Development mode - detailed logging enabled
2025-08-30T14:54:10.790Z [INFO] 🚀 सर्भर पोर्ट 5000 मा सुरु भयो
2025-08-30T14:54:10.806Z [INFO] 🌍 Environment: development
2025-08-30T14:54:10.806Z [INFO] 📊 API Documentation: http://localhost:5000/api
2025-08-30T14:54:10.809Z [INFO] 🏥 Health Check: http://localhost:5000/health
2025-08-30T14:54:10.818Z [INFO] 🔧 Development mode - detailed logging enabled
2025-08-30T14:54:11.564Z [ERROR] Uncaught Exception | Stack: Error: listen EADDRINUSE: address already in use :::5000
    at Server.setupListenHandle [as _listen2] (node:net:1940:16)
    at listenInCluster (node:net:1997:12)
    at Server.listen (node:net:2102:7)
    at Function.listen (/home/theaavashh/workplace/new/analytics/distributor-api/node_modules/express/lib/application.js:635:24)
    at startServer (/home/theaavashh/workplace/new/analytics/distributor-api/src/index.ts:156:24)
2025-08-30T14:54:11.580Z [ERROR] Uncaught Exception | Stack: Error: listen EADDRINUSE: address already in use :::5000
    at Server.setupListenHandle [as _listen2] (node:net:1940:16)
    at listenInCluster (node:net:1997:12)
    at Server.listen (node:net:2102:7)
    at Function.listen (/home/theaavashh/workplace/new/analytics/distributor-api/node_modules/express/lib/application.js:635:24)
    at startServer (/home/theaavashh/workplace/new/analytics/distributor-api/src/index.ts:156:24)
2025-08-30T14:54:11.664Z [ERROR] Uncaught Exception | Stack: Error: listen EADDRINUSE: address already in use :::5000
    at Server.setupListenHandle [as _listen2] (node:net:1940:16)
    at listenInCluster (node:net:1997:12)
    at Server.listen (node:net:2102:7)
    at Function.listen (/home/theaavashh/workplace/new/analytics/distributor-api/node_modules/express/lib/application.js:635:24)
    at startServer (/home/theaavashh/workplace/new/analytics/distributor-api/src/index.ts:156:24)
2025-08-30T14:54:12.433Z [ERROR] Uncaught Exception | Stack: Error: listen EADDRINUSE: address already in use :::5000
    at Server.setupListenHandle [as _listen2] (node:net:1940:16)
    at listenInCluster (node:net:1997:12)
    at Server.listen (node:net:2102:7)
    at Function.listen (/home/theaavashh/workplace/new/analytics/distributor-api/node_modules/express/lib/application.js:635:24)
    at startServer (/home/theaavashh/workplace/new/analytics/distributor-api/src/index.ts:156:24)
2025-08-30T14:58:34.985Z [INFO] 🚀 सर्भर पोर्ट 5000 मा सुरु भयो
2025-08-30T14:58:34.988Z [INFO] 🌍 Environment: development
2025-08-30T14:58:34.988Z [INFO] 📊 API Documentation: http://localhost:5000/api
2025-08-30T14:58:34.989Z [INFO] 🏥 Health Check: http://localhost:5000/health
2025-08-30T14:58:34.989Z [INFO] 🔧 Development mode - detailed logging enabled
2025-08-30T14:58:35.619Z [ERROR] Uncaught Exception | Stack: Error: listen EADDRINUSE: address already in use :::5000
    at Server.setupListenHandle [as _listen2] (node:net:1940:16)
    at listenInCluster (node:net:1997:12)
    at Server.listen (node:net:2102:7)
    at Function.listen (/home/theaavashh/workplace/new/analytics/distributor-api/node_modules/express/lib/application.js:635:24)
    at startServer (/home/theaavashh/workplace/new/analytics/distributor-api/src/index.ts:156:24)
2025-08-30T14:58:36.878Z [ERROR] Uncaught Exception | Stack: Error: listen EADDRINUSE: address already in use :::5000
    at Server.setupListenHandle [as _listen2] (node:net:1940:16)
    at listenInCluster (node:net:1997:12)
    at Server.listen (node:net:2102:7)
    at Function.listen (/home/theaavashh/workplace/new/analytics/distributor-api/node_modules/express/lib/application.js:635:24)
    at startServer (/home/theaavashh/workplace/new/analytics/distributor-api/src/index.ts:156:24)
2025-08-30T14:58:40.716Z [ERROR] Uncaught Exception | Stack: Error: listen EADDRINUSE: address already in use :::5000
    at Server.setupListenHandle [as _listen2] (node:net:1940:16)
    at listenInCluster (node:net:1997:12)
    at Server.listen (node:net:2102:7)
    at Function.listen (/home/theaavashh/workplace/new/analytics/distributor-api/node_modules/express/lib/application.js:635:24)
    at startServer (/home/theaavashh/workplace/new/analytics/distributor-api/src/index.ts:156:24)
2025-08-30T14:58:52.129Z [ERROR] Uncaught Exception | Stack: Error: listen EADDRINUSE: address already in use :::5000
    at Server.setupListenHandle [as _listen2] (node:net:1940:16)
    at listenInCluster (node:net:1997:12)
    at Server.listen (node:net:2102:7)
    at Function.listen (/home/theaavashh/workplace/new/analytics/distributor-api/node_modules/express/lib/application.js:635:24)
    at startServer (/home/theaavashh/workplace/new/analytics/distributor-api/src/index.ts:156:24)
2025-08-30T14:59:04.828Z [ERROR] Uncaught Exception | Stack: Error: listen EADDRINUSE: address already in use :::5000
    at Server.setupListenHandle [as _listen2] (node:net:1940:16)
    at listenInCluster (node:net:1997:12)
    at Server.listen (node:net:2102:7)
    at Function.listen (/home/theaavashh/workplace/new/analytics/distributor-api/node_modules/express/lib/application.js:635:24)
    at startServer (/home/theaavashh/workplace/new/analytics/distributor-api/src/index.ts:156:24)
2025-08-30T14:59:15.751Z [ERROR] Uncaught Exception | Stack: Error: listen EADDRINUSE: address already in use :::5000
    at Server.setupListenHandle [as _listen2] (node:net:1940:16)
    at listenInCluster (node:net:1997:12)
    at Server.listen (node:net:2102:7)
    at Function.listen (/home/theaavashh/workplace/new/analytics/distributor-api/node_modules/express/lib/application.js:635:24)
    at startServer (/home/theaavashh/workplace/new/analytics/distributor-api/src/index.ts:156:24)
2025-08-30T14:59:25.060Z [ERROR] Uncaught Exception | Stack: Error: listen EADDRINUSE: address already in use :::5000
    at Server.setupListenHandle [as _listen2] (node:net:1940:16)
    at listenInCluster (node:net:1997:12)
    at Server.listen (node:net:2102:7)
    at Function.listen (/home/theaavashh/workplace/new/analytics/distributor-api/node_modules/express/lib/application.js:635:24)
    at startServer (/home/theaavashh/workplace/new/analytics/distributor-api/src/index.ts:156:24)
2025-08-30T14:59:48.614Z [ERROR] Uncaught Exception | Stack: Error: listen EADDRINUSE: address already in use :::5000
    at Server.setupListenHandle [as _listen2] (node:net:1940:16)
    at listenInCluster (node:net:1997:12)
    at Server.listen (node:net:2102:7)
    at Function.listen (/home/theaavashh/workplace/new/analytics/distributor-api/node_modules/express/lib/application.js:635:24)
    at startServer (/home/theaavashh/workplace/new/analytics/distributor-api/src/index.ts:156:24)
2025-08-30T15:16:00.759Z [ERROR] POST /api/auth/register - 400 - 4.472ms | Data: {"method":"POST","url":"/api/auth/register","statusCode":400,"responseTime":4.472}
2025-08-30T15:16:11.415Z [ERROR] POST /api/auth/register - 400 - 7.001ms | Data: {"method":"POST","url":"/api/auth/register","statusCode":400,"responseTime":7.001}
2025-08-30T15:16:26.099Z [ERROR] POST /api/auth/register - 400 - 1.16ms | Data: {"method":"POST","url":"/api/auth/register","statusCode":400,"responseTime":1.16}
2025-08-30T15:16:35.394Z [ERROR] POST /api/auth/register - 400 - 0.977ms | Data: {"method":"POST","url":"/api/auth/register","statusCode":400,"responseTime":0.977}
2025-08-30T15:18:23.905Z [ERROR] POST /api/auth/register - 400 - 2.261ms | Data: {"method":"POST","url":"/api/auth/register","statusCode":400,"responseTime":2.261}
2025-08-30T15:19:09.699Z [ERROR] POST /api/auth/register - 429 - 2.069ms | Data: {"method":"POST","url":"/api/auth/register","statusCode":429,"responseTime":2.069}
2025-08-30T15:21:57.286Z [INFO] 🚀 सर्भर पोर्ट 5000 मा सुरु भयो
2025-08-30T15:21:57.311Z [INFO] 🌍 Environment: development
2025-08-30T15:21:57.317Z [INFO] 📊 API Documentation: http://localhost:5000/api
2025-08-30T15:21:57.322Z [INFO] 🏥 Health Check: http://localhost:5000/health
2025-08-30T15:21:57.323Z [INFO] 🔧 Development mode - detailed logging enabled
2025-08-30T15:21:57.333Z [ERROR] Uncaught Exception | Stack: Error: listen EADDRINUSE: address already in use :::5000
    at Server.setupListenHandle [as _listen2] (node:net:1940:16)
    at listenInCluster (node:net:1997:12)
    at Server.listen (node:net:2102:7)
    at Function.listen (/home/theaavashh/workplace/new/analytics/distributor-api/node_modules/express/lib/application.js:635:24)
    at startServer (/home/theaavashh/workplace/new/analytics/distributor-api/src/index.ts:156:24)
2025-08-30T15:21:57.795Z [ERROR] Uncaught Exception | Stack: Error: listen EADDRINUSE: address already in use :::5000
    at Server.setupListenHandle [as _listen2] (node:net:1940:16)
    at listenInCluster (node:net:1997:12)
    at Server.listen (node:net:2102:7)
    at Function.listen (/home/theaavashh/workplace/new/analytics/distributor-api/node_modules/express/lib/application.js:635:24)
    at startServer (/home/theaavashh/workplace/new/analytics/distributor-api/src/index.ts:156:24)
2025-08-30T15:21:58.588Z [ERROR] Uncaught Exception | Stack: Error: listen EADDRINUSE: address already in use :::5000
    at Server.setupListenHandle [as _listen2] (node:net:1940:16)
    at listenInCluster (node:net:1997:12)
    at Server.listen (node:net:2102:7)
    at Function.listen (/home/theaavashh/workplace/new/analytics/distributor-api/node_modules/express/lib/application.js:635:24)
    at startServer (/home/theaavashh/workplace/new/analytics/distributor-api/src/index.ts:156:24)
2025-08-30T15:21:59.653Z [ERROR] Uncaught Exception | Stack: Error: listen EADDRINUSE: address already in use :::5000
    at Server.setupListenHandle [as _listen2] (node:net:1940:16)
    at listenInCluster (node:net:1997:12)
    at Server.listen (node:net:2102:7)
    at Function.listen (/home/theaavashh/workplace/new/analytics/distributor-api/node_modules/express/lib/application.js:635:24)
    at startServer (/home/theaavashh/workplace/new/analytics/distributor-api/src/index.ts:156:24)
2025-08-30T15:22:35.755Z [INFO] 🚀 सर्भर पोर्ट 5000 मा सुरु भयो
2025-08-30T15:22:35.764Z [INFO] 🌍 Environment: development
2025-08-30T15:22:35.766Z [INFO] 📊 API Documentation: http://localhost:5000/api
2025-08-30T15:22:35.773Z [INFO] 🏥 Health Check: http://localhost:5000/health
2025-08-30T15:22:35.778Z [INFO] 🔧 Development mode - detailed logging enabled
2025-08-30T15:22:35.796Z [ERROR] Uncaught Exception | Stack: Error: listen EADDRINUSE: address already in use :::5000
    at Server.setupListenHandle [as _listen2] (node:net:1940:16)
    at listenInCluster (node:net:1997:12)
    at Server.listen (node:net:2102:7)
    at Function.listen (/home/theaavashh/workplace/new/analytics/distributor-api/node_modules/express/lib/application.js:635:24)
    at startServer (/home/theaavashh/workplace/new/analytics/distributor-api/src/index.ts:156:24)
2025-08-30T15:22:35.980Z [ERROR] Uncaught Exception | Stack: Error: listen EADDRINUSE: address already in use :::5000
    at Server.setupListenHandle [as _listen2] (node:net:1940:16)
    at listenInCluster (node:net:1997:12)
    at Server.listen (node:net:2102:7)
    at Function.listen (/home/theaavashh/workplace/new/analytics/distributor-api/node_modules/express/lib/application.js:635:24)
    at startServer (/home/theaavashh/workplace/new/analytics/distributor-api/src/index.ts:156:24)
2025-08-30T15:22:36.262Z [ERROR] Uncaught Exception | Stack: Error: listen EADDRINUSE: address already in use :::5000
    at Server.setupListenHandle [as _listen2] (node:net:1940:16)
    at listenInCluster (node:net:1997:12)
    at Server.listen (node:net:2102:7)
    at Function.listen (/home/theaavashh/workplace/new/analytics/distributor-api/node_modules/express/lib/application.js:635:24)
    at startServer (/home/theaavashh/workplace/new/analytics/distributor-api/src/index.ts:156:24)
2025-08-30T15:22:36.922Z [ERROR] Uncaught Exception | Stack: Error: listen EADDRINUSE: address already in use :::5000
    at Server.setupListenHandle [as _listen2] (node:net:1940:16)
    at listenInCluster (node:net:1997:12)
    at Server.listen (node:net:2102:7)
    at Function.listen (/home/theaavashh/workplace/new/analytics/distributor-api/node_modules/express/lib/application.js:635:24)
    at startServer (/home/theaavashh/workplace/new/analytics/distributor-api/src/index.ts:156:24)
2025-08-30T15:23:40.598Z [ERROR] POST /api/auth/register - 400 - 5.261ms | Data: {"method":"POST","url":"/api/auth/register","statusCode":400,"responseTime":5.261}
2025-08-30T15:23:48.968Z [ERROR] POST /api/auth/register - 400 - 8.009ms | Data: {"method":"POST","url":"/api/auth/register","statusCode":400,"responseTime":8.009}
2025-08-30T15:23:59.915Z [ERROR] POST /api/auth/register - 400 - 4.585ms | Data: {"method":"POST","url":"/api/auth/register","statusCode":400,"responseTime":4.585}
2025-08-30T15:24:13.076Z [ERROR] POST /api/auth/register - 400 - 0.993ms | Data: {"method":"POST","url":"/api/auth/register","statusCode":400,"responseTime":0.993}
2025-08-30T15:31:01.024Z [ERROR] GET /api/auth/users - 401 - 5.124ms | Data: {"method":"GET","url":"/api/auth/users","statusCode":401,"responseTime":5.124}
2025-08-30T15:31:01.030Z [ERROR] GET /api/auth/users - 401 - 1.116ms | Data: {"method":"GET","url":"/api/auth/users","statusCode":401,"responseTime":1.116}
2025-08-30T15:34:54.251Z [ERROR] GET /api/auth/users - 401 - 2.919ms | Data: {"method":"GET","url":"/api/auth/users","statusCode":401,"responseTime":2.919}
2025-08-30T15:34:54.262Z [ERROR] GET /api/auth/users - 401 - 1.826ms | Data: {"method":"GET","url":"/api/auth/users","statusCode":401,"responseTime":1.826}
2025-08-30T15:45:44.587Z [INFO] 🚀 सर्भर पोर्ट 5000 मा सुरु भयो
2025-08-30T15:45:44.600Z [INFO] 🌍 Environment: development
2025-08-30T15:45:44.601Z [INFO] 📊 API Documentation: http://localhost:5000/api
2025-08-30T15:45:44.601Z [INFO] 🏥 Health Check: http://localhost:5000/health
2025-08-30T15:45:44.601Z [INFO] 🔧 Development mode - detailed logging enabled
2025-08-30T15:46:01.110Z [INFO] POST /api/auth/register - 201 - 1678.262ms | Data: {"method":"POST","url":"/api/auth/register","statusCode":201,"responseTime":1678.262}
2025-08-30T15:46:01.125Z [ERROR] GET /api/auth/users - 401 - 7.08ms | Data: {"method":"GET","url":"/api/auth/users","statusCode":401,"responseTime":7.08}
2025-08-30T15:46:09.693Z [ERROR] GET /api/auth/users - 401 - 2.078ms | Data: {"method":"GET","url":"/api/auth/users","statusCode":401,"responseTime":2.078}
2025-08-30T15:46:09.702Z [ERROR] GET /api/auth/users - 401 - 6.426ms | Data: {"method":"GET","url":"/api/auth/users","statusCode":401,"responseTime":6.426}
2025-08-30T15:49:29.724Z [ERROR] GET /api/auth/users - 401 - 0.403ms | Data: {"method":"GET","url":"/api/auth/users","statusCode":401,"responseTime":0.403}
2025-08-30T15:49:38.305Z [INFO] POST /api/auth/login - 200 - 605.836ms | Data: {"method":"POST","url":"/api/auth/login","statusCode":200,"responseTime":605.836}
2025-08-30T15:50:17.159Z [ERROR] GET /api/auth/users - 401 - 1.79ms | Data: {"method":"GET","url":"/api/auth/users","statusCode":401,"responseTime":1.79}
2025-08-30T15:50:17.165Z [ERROR] GET /api/auth/users - 401 - 1.527ms | Data: {"method":"GET","url":"/api/auth/users","statusCode":401,"responseTime":1.527}
2025-08-30T15:50:23.944Z [INFO] GET /api/auth/users - 200 - 76.011ms | Data: {"method":"GET","url":"/api/auth/users","statusCode":200,"responseTime":76.011}
2025-08-30T15:52:05.874Z [INFO] 🚀 सर्भर पोर्ट 5000 मा सुरु भयो
2025-08-30T15:52:05.876Z [INFO] 🌍 Environment: development
2025-08-30T15:52:05.876Z [INFO] 📊 API Documentation: http://localhost:5000/api
2025-08-30T15:52:05.876Z [INFO] 🏥 Health Check: http://localhost:5000/health
2025-08-30T15:52:05.876Z [INFO] 🔧 Development mode - detailed logging enabled
2025-08-30T15:52:05.877Z [ERROR] Uncaught Exception | Stack: Error: write EIO
    at afterWriteDispatched (node:internal/stream_base_commons:159:15)
    at writeGeneric (node:internal/stream_base_commons:150:3)
    at WriteStream.Socket._writeGeneric (node:net:966:11)
    at WriteStream.Socket._write (node:net:978:8)
    at writeOrBuffer (node:internal/streams/writable:572:12)
    at _write (node:internal/streams/writable:501:10)
    at WriteStream.Writable.write (node:internal/streams/writable:510:10)
    at console.value (node:internal/console/constructor:298:16)
    at console.log (node:internal/console/constructor:384:26)
    at connectDatabase (/home/theaavashh/workplace/new/analytics/distributor-api/src/utils/database.ts:27:13)
2025-08-30T15:52:05.995Z [INFO] 🚀 सर्भर पोर्ट 5000 मा सुरु भयो
2025-08-30T15:52:05.997Z [INFO] 🌍 Environment: development
2025-08-30T15:52:05.998Z [INFO] 📊 API Documentation: http://localhost:5000/api
2025-08-30T15:52:05.998Z [INFO] 🏥 Health Check: http://localhost:5000/health
2025-08-30T15:52:05.998Z [INFO] 🔧 Development mode - detailed logging enabled
2025-08-30T15:52:05.998Z [ERROR] Uncaught Exception | Stack: Error: EIO: i/o error, write
    at writeSync (node:fs:923:3)
    at SyncWriteStream._write (node:internal/fs/sync_write_stream:27:5)
    at writeOrBuffer (node:internal/streams/writable:572:12)
    at _write (node:internal/streams/writable:501:10)
    at SyncWriteStream.Writable.write (node:internal/streams/writable:510:10)
    at console.value (node:internal/console/constructor:298:16)
    at console.log (node:internal/console/constructor:384:26)
    at connectDatabase (/home/theaavashh/workplace/new/analytics/distributor-api/src/utils/database.ts:27:13)
    at async startServer (/home/theaavashh/workplace/new/analytics/distributor-api/src/index.ts:146:7)
