2026-01-12T05:40:19.987Z [INFO] Mailjet service initialized successfully
2026-01-12T05:40:24.118Z [INFO] 🚀 सर्भर पोर्ट 4444 मा सुरु भयो
2026-01-12T05:40:24.118Z [INFO] 🌍 Environment: development
2026-01-12T05:40:24.119Z [INFO] 📊 API Documentation: http://localhost:4444/api
2026-01-12T05:40:24.120Z [INFO] 🏥 Health Check: http://localhost:4444/health
2026-01-12T05:40:24.120Z [INFO] 🔧 Development mode - detailed logging enabled
2026-01-12T05:40:52.162Z [INFO] POST /api/auth/login - 200 - 757.847ms | Data: {"method":"POST","url":"/api/auth/login","statusCode":200,"responseTime":757.847}
2026-01-12T05:41:24.149Z [ERROR] GET /api/payment-config - 404 - 0.673ms | Data: {"method":"GET","url":"/api/payment-config","statusCode":404,"responseTime":0.673}
2026-01-12T05:41:24.156Z [ERROR] GET /api/payment-config - 404 - 0.501ms | Data: {"method":"GET","url":"/api/payment-config","statusCode":404,"responseTime":0.501}
2026-01-12T05:41:24.429Z [INFO] GET /api/production/raw-materials/categories - 304 - 301.491ms | Data: {"method":"GET","url":"/api/production/raw-materials/categories","statusCode":304,"responseTime":301.491}
2026-01-12T05:41:24.444Z [INFO] GET /api/production/raw-materials/categories - 304 - 11.659ms | Data: {"method":"GET","url":"/api/production/raw-materials/categories","statusCode":304,"responseTime":11.659}
2026-01-12T05:41:24.459Z [INFO] GET /api/production/machines - 304 - 318.498ms | Data: {"method":"GET","url":"/api/production/machines","statusCode":304,"responseTime":318.498}
2026-01-12T05:41:24.468Z [INFO] GET /api/production/machines - 304 - 5.467ms | Data: {"method":"GET","url":"/api/production/machines","statusCode":304,"responseTime":5.467}
2026-01-12T05:41:24.471Z [INFO] GET /api/production/work-centers - 304 - 334.39ms | Data: {"method":"GET","url":"/api/production/work-centers","statusCode":304,"responseTime":334.39}
2026-01-12T05:41:24.490Z [INFO] GET /api/production/work-centers - 304 - 8.886ms | Data: {"method":"GET","url":"/api/production/work-centers","statusCode":304,"responseTime":8.886}
2026-01-12T05:42:32.866Z [ERROR] POST /api/payment-config - 404 - 0.912ms | Data: {"method":"POST","url":"/api/payment-config","statusCode":404,"responseTime":0.912}
2026-01-12T05:42:41.281Z [INFO] GET /api/production/raw-materials/categories - 304 - 9.448ms | Data: {"method":"GET","url":"/api/production/raw-materials/categories","statusCode":304,"responseTime":9.448}
2026-01-12T05:42:41.292Z [INFO] GET /api/production/machines - 304 - 11.016ms | Data: {"method":"GET","url":"/api/production/machines","statusCode":304,"responseTime":11.016}
2026-01-12T05:42:41.298Z [INFO] GET /api/production/work-centers - 304 - 19.48ms | Data: {"method":"GET","url":"/api/production/work-centers","statusCode":304,"responseTime":19.48}
2026-01-12T05:42:41.301Z [INFO] GET /api/production/raw-materials/categories - 304 - 14.719ms | Data: {"method":"GET","url":"/api/production/raw-materials/categories","statusCode":304,"responseTime":14.719}
2026-01-12T05:42:41.318Z [INFO] GET /api/production/machines - 304 - 14.358ms | Data: {"method":"GET","url":"/api/production/machines","statusCode":304,"responseTime":14.358}
2026-01-12T05:42:41.322Z [INFO] GET /api/production/work-centers - 304 - 8.684ms | Data: {"method":"GET","url":"/api/production/work-centers","statusCode":304,"responseTime":8.684}
2026-01-12T05:42:41.350Z [ERROR] GET /api/payment-config - 404 - 1.118ms | Data: {"method":"GET","url":"/api/payment-config","statusCode":404,"responseTime":1.118}
2026-01-12T05:42:41.358Z [ERROR] GET /api/payment-config - 404 - 0.433ms | Data: {"method":"GET","url":"/api/payment-config","statusCode":404,"responseTime":0.433}
2026-01-12T05:43:25.400Z [INFO] POST /api/production/work-centers - 201 - 69.435ms | Data: {"method":"POST","url":"/api/production/work-centers","statusCode":201,"responseTime":69.435}
2026-01-12T05:44:59.898Z [INFO] POST /api/production/machines - 201 - 26.256ms | Data: {"method":"POST","url":"/api/production/machines","statusCode":201,"responseTime":26.256}
2026-01-12T05:45:29.772Z [ERROR] POST /api/payment-config - 404 - 0.943ms | Data: {"method":"POST","url":"/api/payment-config","statusCode":404,"responseTime":0.943}
2026-01-12T05:46:59.715Z [INFO] GET /api/auth/users - 200 - 46.404ms | Data: {"method":"GET","url":"/api/auth/users","statusCode":200,"responseTime":46.404}
2026-01-12T05:46:59.727Z [INFO] GET /api/auth/users - 304 - 8.108ms | Data: {"method":"GET","url":"/api/auth/users","statusCode":304,"responseTime":8.108}
2026-01-12T05:47:13.586Z [INFO] PUT /api/auth/users/cmjq3emg3001341v4ok7e4sbg/status - 200 - 22.168ms | Data: {"method":"PUT","url":"/api/auth/users/cmjq3emg3001341v4ok7e4sbg/status","statusCode":200,"responseTime":22.168}
2026-01-12T05:47:31.936Z [INFO] Mailjet service initialized successfully
2026-01-12T05:47:35.272Z [INFO] 🚀 सर्भर पोर्ट 4444 मा सुरु भयो
2026-01-12T05:47:35.272Z [INFO] 🌍 Environment: development
2026-01-12T05:47:35.272Z [INFO] 📊 API Documentation: http://localhost:4444/api
2026-01-12T05:47:35.272Z [INFO] 🏥 Health Check: http://localhost:4444/health
2026-01-12T05:47:35.273Z [INFO] 🔧 Development mode - detailed logging enabled
2026-01-12T05:48:20.401Z [INFO] Mailjet service initialized successfully
2026-01-12T05:48:24.666Z [INFO] 🚀 सर्भर पोर्ट 4444 मा सुरु भयो
2026-01-12T05:48:24.666Z [INFO] 🌍 Environment: development
2026-01-12T05:48:24.667Z [INFO] 📊 API Documentation: http://localhost:4444/api
2026-01-12T05:48:24.667Z [INFO] 🏥 Health Check: http://localhost:4444/health
2026-01-12T05:48:24.667Z [INFO] 🔧 Development mode - detailed logging enabled
2026-01-12T05:49:54.015Z [INFO] Mailjet service initialized successfully
2026-01-12T05:58:30.912Z [INFO] Mailjet service initialized successfully
2026-01-12T06:00:31.429Z [INFO] Mailjet service initialized successfully
2026-01-12T06:01:39.428Z [INFO] Mailjet service initialized successfully
2026-01-12T06:02:29.030Z [INFO] Mailjet service initialized successfully
2026-01-12T06:02:52.875Z [INFO] Mailjet service initialized successfully
2026-01-12T06:03:50.681Z [INFO] Mailjet service initialized successfully
2026-01-12T06:04:25.325Z [INFO] Mailjet service initialized successfully
2026-01-12T06:04:25.327Z [INFO] Mailjet service initialized successfully
2026-01-12T06:04:39.718Z [INFO] 🚀 सर्भर पोर्ट 4444 मा सुरु भयो
2026-01-12T06:04:39.721Z [INFO] 🌍 Environment: development
2026-01-12T06:04:39.721Z [INFO] 📊 API Documentation: http://localhost:4444/api
2026-01-12T06:04:39.723Z [INFO] 🏥 Health Check: http://localhost:4444/health
2026-01-12T06:04:39.723Z [INFO] 🔧 Development mode - detailed logging enabled
2026-01-12T06:04:39.746Z [ERROR] Uncaught Exception | Stack: Error: listen EADDRINUSE: address already in use :::4444
    at Server.setupListenHandle [as _listen2] (node:net:1940:16)
    at listenInCluster (node:net:1997:12)
    at Server.listen (node:net:2102:7)
    at Function.listen (/home/theaavashh/workplace/new/analytics/distributor-api/node_modules/express/lib/application.js:635:24)
    at startServer (/home/theaavashh/workplace/new/analytics/distributor-api/src/index.ts:157:24)
2026-01-12T06:07:35.539Z [INFO] GET /api/payment-config - 200 - 447.21ms | Data: {"method":"GET","url":"/api/payment-config","statusCode":200,"responseTime":447.21}
2026-01-12T06:07:35.575Z [INFO] GET /api/payment-config - 304 - 7.056ms | Data: {"method":"GET","url":"/api/payment-config","statusCode":304,"responseTime":7.056}
2026-01-12T06:07:35.662Z [INFO] GET /api/production/raw-materials/categories - 304 - 587.569ms | Data: {"method":"GET","url":"/api/production/raw-materials/categories","statusCode":304,"responseTime":587.569}
2026-01-12T06:07:35.673Z [INFO] GET /api/production/machines - 200 - 606.098ms | Data: {"method":"GET","url":"/api/production/machines","statusCode":200,"responseTime":606.098}
2026-01-12T06:07:35.677Z [INFO] GET /api/production/raw-materials/categories - 304 - 10.971ms | Data: {"method":"GET","url":"/api/production/raw-materials/categories","statusCode":304,"responseTime":10.971}
2026-01-12T06:07:35.686Z [INFO] GET /api/production/machines - 304 - 7.566ms | Data: {"method":"GET","url":"/api/production/machines","statusCode":304,"responseTime":7.566}
2026-01-12T06:07:35.700Z [INFO] GET /api/production/work-centers - 200 - 660.671ms | Data: {"method":"GET","url":"/api/production/work-centers","statusCode":200,"responseTime":660.671}
2026-01-12T06:07:35.711Z [INFO] GET /api/production/work-centers - 304 - 7.646ms | Data: {"method":"GET","url":"/api/production/work-centers","statusCode":304,"responseTime":7.646}
2026-01-12T06:08:02.217Z [ERROR] POST /api/payment-config - 400 - 11.467ms | Data: {"method":"POST","url":"/api/payment-config","statusCode":400,"responseTime":11.467}
2026-01-12T06:08:39.938Z [ERROR] POST /api/payment-config - 400 - 2.36ms | Data: {"method":"POST","url":"/api/payment-config","statusCode":400,"responseTime":2.36}
2026-01-12T06:15:25.605Z [ERROR] POST /api/payment-config - 400 - 15.54ms | Data: {"method":"POST","url":"/api/payment-config","statusCode":400,"responseTime":15.54}
2026-01-12T06:21:33.954Z [INFO] Mailjet service initialized successfully
2026-01-12T06:21:40.525Z [ERROR] Uncaught Exception | Stack: Error: listen EADDRINUSE: address already in use :::4444
    at Server.setupListenHandle [as _listen2] (node:net:1940:16)
    at listenInCluster (node:net:1997:12)
    at Server.listen (node:net:2102:7)
    at Function.listen (/home/theaavashh/workplace/new/analytics/distributor-api/node_modules/express/lib/application.js:635:24)
    at startServer (/home/theaavashh/workplace/new/analytics/distributor-api/src/index.ts:157:24)
2026-01-12T06:25:47.456Z [INFO] POST /api/auth/login - 200 - 1204.783ms | Data: {"method":"POST","url":"/api/auth/login","statusCode":200,"responseTime":1204.783}
2026-01-12T06:28:31.521Z [INFO] GET /api/payment-config - 304 - 391.723ms | Data: {"method":"GET","url":"/api/payment-config","statusCode":304,"responseTime":391.723}
2026-01-12T06:28:31.566Z [INFO] GET /api/payment-config - 304 - 24.066ms | Data: {"method":"GET","url":"/api/payment-config","statusCode":304,"responseTime":24.066}
2026-01-12T06:28:31.616Z [INFO] GET /api/production/raw-materials/categories - 304 - 521.801ms | Data: {"method":"GET","url":"/api/production/raw-materials/categories","statusCode":304,"responseTime":521.801}
2026-01-12T06:28:31.630Z [INFO] GET /api/production/machines - 304 - 521.907ms | Data: {"method":"GET","url":"/api/production/machines","statusCode":304,"responseTime":521.907}
2026-01-12T06:28:31.636Z [INFO] GET /api/production/work-centers - 304 - 528.674ms | Data: {"method":"GET","url":"/api/production/work-centers","statusCode":304,"responseTime":528.674}
2026-01-12T06:28:31.638Z [INFO] GET /api/production/raw-materials/categories - 304 - 14.065ms | Data: {"method":"GET","url":"/api/production/raw-materials/categories","statusCode":304,"responseTime":14.065}
2026-01-12T06:28:31.657Z [INFO] GET /api/production/machines - 304 - 16.344ms | Data: {"method":"GET","url":"/api/production/machines","statusCode":304,"responseTime":16.344}
2026-01-12T06:28:31.661Z [INFO] GET /api/production/work-centers - 304 - 16.553ms | Data: {"method":"GET","url":"/api/production/work-centers","statusCode":304,"responseTime":16.553}
2026-01-12T06:29:07.034Z [INFO] POST /api/payment-config - 201 - 405.93ms | Data: {"method":"POST","url":"/api/payment-config","statusCode":201,"responseTime":405.93}
2026-01-12T06:30:47.963Z [INFO] DELETE /api/payment-config/cmkas8jrl00005ys55cb22nzy - 200 - 47.777ms | Data: {"method":"DELETE","url":"/api/payment-config/cmkas8jrl00005ys55cb22nzy","statusCode":200,"responseTime":47.777}
2026-01-12T06:31:03.848Z [ERROR] Error deleting work center: | Stack: PrismaClientKnownRequestError: 
Invalid `prisma.workCenter.delete()` invocation in
/home/theaavashh/workplace/new/analytics/distributor-api/src/controllers/production.controller.ts:630:35

  627 try {
  628   const { id } = req.params;
  629 
→ 630   await prisma.workCenter.delete(
Foreign key constraint violated: `machines_workCenterId_fkey (index)`
    at $n.handleRequestError (/home/theaavashh/workplace/new/analytics/distributor-api/node_modules/@prisma/client/runtime/library.js:121:7315)
    at $n.handleAndLogRequestError (/home/theaavashh/workplace/new/analytics/distributor-api/node_modules/@prisma/client/runtime/library.js:121:6623)
    at $n.request (/home/theaavashh/workplace/new/analytics/distributor-api/node_modules/@prisma/client/runtime/library.js:121:6307)
    at async l (/home/theaavashh/workplace/new/analytics/distributor-api/node_modules/@prisma/client/runtime/library.js:130:9633)
    at async deleteWorkCenter (/home/theaavashh/workplace/new/analytics/distributor-api/src/controllers/production.controller.ts:630:5)
2026-01-12T06:31:03.854Z [ERROR] DELETE /api/production/work-centers/cmkaqlsik0000bd3q03qz27pl - 500 - 863.523ms | Data: {"method":"DELETE","url":"/api/production/work-centers/cmkaqlsik0000bd3q03qz27pl","statusCode":500,"responseTime":863.523}
2026-01-12T06:31:08.758Z [INFO] DELETE /api/production/machines/cmkaqntgp0002bd3qz0baepgw - 200 - 33.261ms | Data: {"method":"DELETE","url":"/api/production/machines/cmkaqntgp0002bd3qz0baepgw","statusCode":200,"responseTime":33.261}
2026-01-12T06:31:14.795Z [INFO] DELETE /api/production/work-centers/cmkaqlsik0000bd3q03qz27pl - 200 - 33.082ms | Data: {"method":"DELETE","url":"/api/production/work-centers/cmkaqlsik0000bd3q03qz27pl","statusCode":200,"responseTime":33.082}
2026-01-12T06:31:52.828Z [INFO] Mailjet service initialized successfully
2026-01-12T06:31:52.838Z [INFO] Mailjet service initialized successfully
2026-01-12T06:32:31.708Z [INFO] Mailjet service initialized successfully
2026-01-12T06:32:31.743Z [INFO] Mailjet service initialized successfully
2026-01-12T06:58:35.110Z [INFO] GET /api/payment-config - 200 - 530.773ms | Data: {"method":"GET","url":"/api/payment-config","statusCode":200,"responseTime":530.773}
2026-01-12T06:58:35.122Z [INFO] GET /api/production/raw-materials/categories - 304 - 700.873ms | Data: {"method":"GET","url":"/api/production/raw-materials/categories","statusCode":304,"responseTime":700.873}
2026-01-12T06:58:35.126Z [INFO] GET /api/production/machines - 200 - 597.586ms | Data: {"method":"GET","url":"/api/production/machines","statusCode":200,"responseTime":597.586}
2026-01-12T06:58:35.139Z [INFO] GET /api/production/work-centers - 200 - 671.395ms | Data: {"method":"GET","url":"/api/production/work-centers","statusCode":200,"responseTime":671.395}
2026-01-12T06:58:35.144Z [INFO] GET /api/payment-config - 304 - 8.45ms | Data: {"method":"GET","url":"/api/payment-config","statusCode":304,"responseTime":8.45}
2026-01-12T06:58:35.175Z [INFO] GET /api/production/raw-materials/categories - 304 - 26.238ms | Data: {"method":"GET","url":"/api/production/raw-materials/categories","statusCode":304,"responseTime":26.238}
2026-01-12T06:58:35.188Z [INFO] GET /api/production/machines - 304 - 31.331ms | Data: {"method":"GET","url":"/api/production/machines","statusCode":304,"responseTime":31.331}
2026-01-12T06:58:35.191Z [INFO] GET /api/production/work-centers - 304 - 26.962ms | Data: {"method":"GET","url":"/api/production/work-centers","statusCode":304,"responseTime":26.962}
2026-01-12T07:01:34.646Z [INFO] GET /api/categories - 200 - 472.559ms | Data: {"method":"GET","url":"/api/categories","statusCode":200,"responseTime":472.559}
2026-01-12T07:07:46.642Z [INFO] GET /api/auth/users - 200 - 552.442ms | Data: {"method":"GET","url":"/api/auth/users","statusCode":200,"responseTime":552.442}
2026-01-12T07:07:46.831Z [INFO] GET /api/auth/users - 304 - 183.674ms | Data: {"method":"GET","url":"/api/auth/users","statusCode":304,"responseTime":183.674}
2026-01-12T07:07:47.065Z [INFO] GET /api/production/work-centers - 304 - 85.066ms | Data: {"method":"GET","url":"/api/production/work-centers","statusCode":304,"responseTime":85.066}
2026-01-12T07:07:47.067Z [INFO] GET /api/payment-config - 304 - 59.467ms | Data: {"method":"GET","url":"/api/payment-config","statusCode":304,"responseTime":59.467}
2026-01-12T07:07:47.075Z [INFO] GET /api/production/raw-materials/categories - 304 - 103.054ms | Data: {"method":"GET","url":"/api/production/raw-materials/categories","statusCode":304,"responseTime":103.054}
2026-01-12T07:07:47.086Z [INFO] GET /api/production/machines - 304 - 87.002ms | Data: {"method":"GET","url":"/api/production/machines","statusCode":304,"responseTime":87.002}
2026-01-12T07:07:47.138Z [INFO] GET /api/payment-config - 304 - 35.698ms | Data: {"method":"GET","url":"/api/payment-config","statusCode":304,"responseTime":35.698}
2026-01-12T07:07:47.150Z [INFO] GET /api/production/work-centers - 304 - 54.379ms | Data: {"method":"GET","url":"/api/production/work-centers","statusCode":304,"responseTime":54.379}
2026-01-12T07:07:47.169Z [INFO] GET /api/production/raw-materials/categories - 304 - 54.166ms | Data: {"method":"GET","url":"/api/production/raw-materials/categories","statusCode":304,"responseTime":54.166}
2026-01-12T07:07:47.181Z [INFO] GET /api/production/machines - 304 - 45.024ms | Data: {"method":"GET","url":"/api/production/machines","statusCode":304,"responseTime":45.024}
2026-01-12T07:07:58.093Z [INFO] GET /api/applications/dev?page=1&limit=10&sortBy=createdAt&sortOrder=desc - 200 - 348.148ms | Data: {"method":"GET","url":"/api/applications/dev?page=1&limit=10&sortBy=createdAt&sortOrder=desc","statusCode":200,"responseTime":348.148}
2026-01-12T07:07:58.111Z [INFO] GET /api/applications/dev?page=1&limit=10&sortBy=createdAt&sortOrder=desc - 304 - 9.43ms | Data: {"method":"GET","url":"/api/applications/dev?page=1&limit=10&sortBy=createdAt&sortOrder=desc","statusCode":304,"responseTime":9.43}
2026-01-12T07:07:58.123Z [INFO] GET /api/applications/dev?page=1&limit=10&sortBy=createdAt&sortOrder=desc - 304 - 10.385ms | Data: {"method":"GET","url":"/api/applications/dev?page=1&limit=10&sortBy=createdAt&sortOrder=desc","statusCode":304,"responseTime":10.385}
2026-01-12T07:08:16.450Z [INFO] GET /api/applications/dev?status=APPROVED - 200 - 148.241ms | Data: {"method":"GET","url":"/api/applications/dev?status=APPROVED","statusCode":200,"responseTime":148.241}
2026-01-12T07:08:16.469Z [INFO] GET /api/applications/dev?status=APPROVED - 304 - 15.225ms | Data: {"method":"GET","url":"/api/applications/dev?status=APPROVED","statusCode":304,"responseTime":15.225}
2026-01-12T07:08:16.739Z [INFO] GET /api/distributors/find-by-application/cmjq3egxe000r41v40vojbwmc - 200 - 265.26ms | Data: {"method":"GET","url":"/api/distributors/find-by-application/cmjq3egxe000r41v40vojbwmc","statusCode":200,"responseTime":265.26}
2026-01-12T07:08:16.749Z [INFO] GET /api/distributors/find-by-application/cmjprcu4t0000dvx22op12xin - 304 - 257.367ms | Data: {"method":"GET","url":"/api/distributors/find-by-application/cmjprcu4t0000dvx22op12xin","statusCode":304,"responseTime":257.367}
2026-01-12T07:08:16.798Z [INFO] GET /api/distributors/find-by-application/cmjq3egxe000r41v40vojbwmc - 304 - 15.568ms | Data: {"method":"GET","url":"/api/distributors/find-by-application/cmjq3egxe000r41v40vojbwmc","statusCode":304,"responseTime":15.568}
2026-01-12T07:08:16.805Z [INFO] GET /api/distributors/find-by-application/cmjprcu4t0000dvx22op12xin - 304 - 17.488ms | Data: {"method":"GET","url":"/api/distributors/find-by-application/cmjprcu4t0000dvx22op12xin","statusCode":304,"responseTime":17.488}
2026-01-12T07:08:28.497Z [INFO] GET /api/products - 200 - 129.866ms | Data: {"method":"GET","url":"/api/products","statusCode":200,"responseTime":129.866}
2026-01-12T07:08:28.509Z [INFO] GET /api/products - 304 - 5.817ms | Data: {"method":"GET","url":"/api/products","statusCode":304,"responseTime":5.817}
2026-01-12T07:08:30.196Z [INFO] GET /api/categories - 304 - 52.798ms | Data: {"method":"GET","url":"/api/categories","statusCode":304,"responseTime":52.798}
2026-01-12T07:08:30.211Z [INFO] GET /api/categories - 304 - 7.906ms | Data: {"method":"GET","url":"/api/categories","statusCode":304,"responseTime":7.906}
2026-01-12T07:08:54.603Z [INFO] GET /api/categories - 304 - 30.021ms | Data: {"method":"GET","url":"/api/categories","statusCode":304,"responseTime":30.021}
2026-01-12T07:12:28.115Z [INFO] GET /api/categories - 304 - 81.748ms | Data: {"method":"GET","url":"/api/categories","statusCode":304,"responseTime":81.748}
2026-01-12T07:13:00.278Z [INFO] GET /api/categories - 304 - 34.088ms | Data: {"method":"GET","url":"/api/categories","statusCode":304,"responseTime":34.088}
2026-01-12T07:13:22.898Z [INFO] GET /api/categories - 304 - 3.895ms | Data: {"method":"GET","url":"/api/categories","statusCode":304,"responseTime":3.895}
2026-01-12T07:13:54.711Z [INFO] GET /api/categories - 304 - 62.96ms | Data: {"method":"GET","url":"/api/categories","statusCode":304,"responseTime":62.96}
2026-01-12T07:42:07.584Z [INFO] GET /api/categories - 304 - 1065.893ms | Data: {"method":"GET","url":"/api/categories","statusCode":304,"responseTime":1065.893}
2026-01-12T07:44:54.960Z [INFO] GET /api/categories - 304 - 6.182ms | Data: {"method":"GET","url":"/api/categories","statusCode":304,"responseTime":6.182}
2026-01-12T07:46:09.301Z [INFO] GET /api/categories - 304 - 7.204ms | Data: {"method":"GET","url":"/api/categories","statusCode":304,"responseTime":7.204}
2026-01-12T07:51:15.246Z [INFO] GET /api/categories - 304 - 52.871ms | Data: {"method":"GET","url":"/api/categories","statusCode":304,"responseTime":52.871}
2026-01-12T07:51:22.431Z [INFO] GET /api/categories - 304 - 14.811ms | Data: {"method":"GET","url":"/api/categories","statusCode":304,"responseTime":14.811}
2026-01-12T07:53:32.158Z [INFO] GET /api/applications/dev?page=1&limit=10&sortBy=createdAt&sortOrder=desc - 304 - 112.779ms | Data: {"method":"GET","url":"/api/applications/dev?page=1&limit=10&sortBy=createdAt&sortOrder=desc","statusCode":304,"responseTime":112.779}
2026-01-12T08:02:16.830Z [INFO] GET /api/categories - 304 - 97.12ms | Data: {"method":"GET","url":"/api/categories","statusCode":304,"responseTime":97.12}
2026-01-12T08:08:01.196Z [INFO] GET /api/categories - 304 - 896.915ms | Data: {"method":"GET","url":"/api/categories","statusCode":304,"responseTime":896.915}
2026-01-12T08:08:09.331Z [INFO] GET /api/categories - 304 - 10.643ms | Data: {"method":"GET","url":"/api/categories","statusCode":304,"responseTime":10.643}
2026-01-12T08:08:18.395Z [INFO] GET /api/categories - 304 - 20.865ms | Data: {"method":"GET","url":"/api/categories","statusCode":304,"responseTime":20.865}
2026-01-12T08:09:12.046Z [INFO] Mailjet service initialized successfully
2026-01-12T08:12:44.920Z [INFO] GET /api/categories - 304 - 8.14ms | Data: {"method":"GET","url":"/api/categories","statusCode":304,"responseTime":8.14}
2026-01-12T08:14:19.241Z [INFO] GET /api/categories - 304 - 98.64ms | Data: {"method":"GET","url":"/api/categories","statusCode":304,"responseTime":98.64}
2026-01-12T08:14:19.266Z [ERROR] Uncaught Exception | Stack: Error: write EIO
    at afterWriteDispatched (node:internal/stream_base_commons:159:15)
    at writeGeneric (node:internal/stream_base_commons:150:3)
    at WriteStream.Socket._writeGeneric (node:net:966:11)
    at WriteStream.Socket._write (node:net:978:8)
    at writeOrBuffer (node:internal/streams/writable:572:12)
    at _write (node:internal/streams/writable:501:10)
    at WriteStream.Writable.write (node:internal/streams/writable:510:10)
    at console.value (node:internal/console/constructor:298:16)
    at console.log (node:internal/console/constructor:384:26)
    at Logger.info (/home/theaavashh/workplace/new/analytics/distributor-api/src/utils/logger.ts:68:13)
2026-01-12T14:36:58.268Z [INFO] Mailjet service initialized successfully
2026-01-12T14:38:33.797Z [INFO] Mailjet service initialized successfully
2026-01-12T14:40:09.762Z [INFO] Mailjet service initialized successfully
2026-01-12T14:40:22.163Z [INFO] Mailjet service initialized successfully
2026-01-12T14:40:54.209Z [INFO] Mailjet service initialized successfully
2026-01-12T14:41:15.487Z [INFO] Mailjet service initialized successfully
2026-01-12T14:41:20.495Z [INFO] 🚀 सर्भर पोर्ट 4444 मा सुरु भयो
2026-01-12T14:41:20.497Z [INFO] 🌍 Environment: development
2026-01-12T14:41:20.497Z [INFO] 📊 API Documentation: http://localhost:4444/api
2026-01-12T14:41:20.498Z [INFO] 🏥 Health Check: http://localhost:4444/health
2026-01-12T14:41:20.498Z [INFO] 🔧 Development mode - detailed logging enabled
2026-01-12T14:41:42.303Z [INFO] POST /api/auth/login - 200 - 697.374ms | Data: {"method":"POST","url":"/api/auth/login","statusCode":200,"responseTime":697.374}
2026-01-12T18:29:51.257Z [INFO] Mailjet service initialized successfully
2026-01-12T18:29:55.825Z [INFO] 🚀 सर्भर पोर्ट 4444 मा सुरु भयो
2026-01-12T18:29:55.826Z [INFO] 🌍 Environment: development
2026-01-12T18:29:55.826Z [INFO] 📊 API Documentation: http://localhost:4444/api
2026-01-12T18:29:55.826Z [INFO] 🏥 Health Check: http://localhost:4444/health
2026-01-12T18:29:55.826Z [INFO] 🔧 Development mode - detailed logging enabled
2026-01-12T19:03:02.425Z [ERROR] POST /api/applications/submit - 400 - 13.703ms | Data: {"method":"POST","url":"/api/applications/submit","statusCode":400,"responseTime":13.703}
2026-01-12T19:05:29.283Z [ERROR] POST /api/applications/submit - 400 - 5.18ms | Data: {"method":"POST","url":"/api/applications/submit","statusCode":400,"responseTime":5.18}
2026-01-12T19:05:37.085Z [ERROR] POST /api/applications/submit - 400 - 1.42ms | Data: {"method":"POST","url":"/api/applications/submit","statusCode":400,"responseTime":1.42}
2026-01-12T19:06:49.680Z [ERROR] POST /api/applications/submit - 400 - 1.854ms | Data: {"method":"POST","url":"/api/applications/submit","statusCode":400,"responseTime":1.854}
2026-01-12T19:11:58.980Z [ERROR] POST /api/applications/submit - 400 - 3.809ms | Data: {"method":"POST","url":"/api/applications/submit","statusCode":400,"responseTime":3.809}
2026-01-12T19:15:06.856Z [ERROR] POST /api/applications/submit - 400 - 52.163ms | Data: {"method":"POST","url":"/api/applications/submit","statusCode":400,"responseTime":52.163}
2026-01-12T19:16:34.533Z [ERROR] POST /api/applications/submit - 400 - 147.004ms | Data: {"method":"POST","url":"/api/applications/submit","statusCode":400,"responseTime":147.004}
2026-01-12T19:18:39.545Z [ERROR] POST /api/applications/submit - 400 - 128.167ms | Data: {"method":"POST","url":"/api/applications/submit","statusCode":400,"responseTime":128.167}
